This is XeTeX, Version 3.14159265-2.6-0.999992 (MiKTeX 20.6.29) (preloaded format=xelatex 2021.12.29)  24 JUL 2022 15:24
entering extended mode
**./_main.tex
(_main.tex
LaTeX2e <2021-11-15> patch level 1
L3 programming layer <2021-11-22> ("/Library/Application Support/MiKTeX/texmfs/
install/tex/latex/base/book.cls"
Document Class: book 2021/10/04 v1.4n Standard LaTeX document class
("/Library/Application Support/MiKTeX/texmfs/install/tex/latex/base/bk10.clo"
File: bk10.clo 2021/10/04 v1.4n Standard LaTeX file (size option)
)
\c@part=\count179
\c@chapter=\count180
\c@section=\count181
\c@subsection=\count182
\c@subsubsection=\count183
\c@paragraph=\count184
\c@subparagraph=\count185
\c@figure=\count186
\c@table=\count187
\abovecaptionskip=\skip47
\belowcaptionskip=\skip48
\bibindent=\dimen138
) ("/Library/Application Support/MiKTeX/texmfs/install/tex/latex/lm/lmodern.sty
"
Package: lmodern 2009/10/30 v1.6 Latin Modern Fonts
LaTeX Font Info:    Overwriting symbol font `operators' in version `normal'
(Font)                  OT1/cmr/m/n --> OT1/lmr/m/n on input line 22.
LaTeX Font Info:    Overwriting symbol font `letters' in version `normal'
(Font)                  OML/cmm/m/it --> OML/lmm/m/it on input line 23.
LaTeX Font Info:    Overwriting symbol font `symbols' in version `normal'
(Font)                  OMS/cmsy/m/n --> OMS/lmsy/m/n on input line 24.
LaTeX Font Info:    Overwriting symbol font `largesymbols' in version `normal'
(Font)                  OMX/cmex/m/n --> OMX/lmex/m/n on input line 25.
LaTeX Font Info:    Overwriting symbol font `operators' in version `bold'
(Font)                  OT1/cmr/bx/n --> OT1/lmr/bx/n on input line 26.
LaTeX Font Info:    Overwriting symbol font `letters' in version `bold'
(Font)                  OML/cmm/b/it --> OML/lmm/b/it on input line 27.
LaTeX Font Info:    Overwriting symbol font `symbols' in version `bold'
(Font)                  OMS/cmsy/b/n --> OMS/lmsy/b/n on input line 28.
LaTeX Font Info:    Overwriting symbol font `largesymbols' in version `bold'
(Font)                  OMX/cmex/m/n --> OMX/lmex/m/n on input line 29.
LaTeX Font Info:    Overwriting math alphabet `\mathbf' in version `normal'
(Font)                  OT1/cmr/bx/n --> OT1/lmr/bx/n on input line 31.
LaTeX Font Info:    Overwriting math alphabet `\mathsf' in version `normal'
(Font)                  OT1/cmss/m/n --> OT1/lmss/m/n on input line 32.
LaTeX Font Info:    Overwriting math alphabet `\mathit' in version `normal'
(Font)                  OT1/cmr/m/it --> OT1/lmr/m/it on input line 33.
LaTeX Font Info:    Overwriting math alphabet `\mathtt' in version `normal'
(Font)                  OT1/cmtt/m/n --> OT1/lmtt/m/n on input line 34.
LaTeX Font Info:    Overwriting math alphabet `\mathbf' in version `bold'
(Font)                  OT1/cmr/bx/n --> OT1/lmr/bx/n on input line 35.
LaTeX Font Info:    Overwriting math alphabet `\mathsf' in version `bold'
(Font)                  OT1/cmss/bx/n --> OT1/lmss/bx/n on input line 36.
LaTeX Font Info:    Overwriting math alphabet `\mathit' in version `bold'
(Font)                  OT1/cmr/bx/it --> OT1/lmr/bx/it on input line 37.
LaTeX Font Info:    Overwriting math alphabet `\mathtt' in version `bold'
(Font)                  OT1/cmtt/m/n --> OT1/lmtt/m/n on input line 38.
)
("/Library/Application Support/MiKTeX/texmfs/install/tex/latex/amsfonts/amssymb
.sty"
Package: amssymb 2013/01/14 v3.01 AMS font symbols

("/Library/Application Support/MiKTeX/texmfs/install/tex/latex/amsfonts/amsfont
s.sty"
Package: amsfonts 2013/01/14 v3.01 Basic AMSFonts support
\@emptytoks=\toks16
\symAMSa=\mathgroup4
\symAMSb=\mathgroup5
LaTeX Font Info:    Redeclaring math symbol \hbar on input line 98.
LaTeX Font Info:    Overwriting math alphabet `\mathfrak' in version `bold'
(Font)                  U/euf/m/n --> U/euf/b/n on input line 106.
))
("/Library/Application Support/MiKTeX/texmfs/install/tex/latex/amsmath/amsmath.
sty"
Package: amsmath 2021/10/15 v2.17l AMS math features
\@mathmargin=\skip49
For additional information on amsmath, use the `?' option.

("/Library/Application Support/MiKTeX/texmfs/install/tex/latex/amsmath/amstext.
sty"
Package: amstext 2021/08/26 v2.01 AMS text

("/Library/Application Support/MiKTeX/texmfs/install/tex/latex/amsmath/amsgen.s
ty"
File: amsgen.sty 1999/11/30 v2.0 generic functions
\@emptytoks=\toks17
\ex@=\dimen139
))
("/Library/Application Support/MiKTeX/texmfs/install/tex/latex/amsmath/amsbsy.s
ty"
Package: amsbsy 1999/11/29 v1.2d Bold Symbols
\pmbraise@=\dimen140
)
("/Library/Application Support/MiKTeX/texmfs/install/tex/latex/amsmath/amsopn.s
ty"
Package: amsopn 2021/08/26 v2.02 operator names
)
\inf@bad=\count188
LaTeX Info: Redefining \frac on input line 234.
\uproot@=\count189
\leftroot@=\count190
LaTeX Info: Redefining \overline on input line 399.
\classnum@=\count191
\DOTSCASE@=\count192
LaTeX Info: Redefining \ldots on input line 496.
LaTeX Info: Redefining \dots on input line 499.
LaTeX Info: Redefining \cdots on input line 620.
\Mathstrutbox@=\box50
\strutbox@=\box51
\big@size=\dimen141
LaTeX Font Info:    Redeclaring font encoding OML on input line 743.
LaTeX Font Info:    Redeclaring font encoding OMS on input line 744.
\macc@depth=\count193
\c@MaxMatrixCols=\count194
\dotsspace@=\muskip16
\c@parentequation=\count195
\dspbrk@lvl=\count196
\tag@help=\toks18
\row@=\count197
\column@=\count198
\maxfields@=\count199
\andhelp@=\toks19
\eqnshift@=\dimen142
\alignsep@=\dimen143
\tagshift@=\dimen144
\tagwidth@=\dimen145
\totwidth@=\dimen146
\lineht@=\dimen147
\@envbody=\toks20
\multlinegap=\skip50
\multlinetaggap=\skip51
\mathdisplay@stack=\toks21
LaTeX Info: Redefining \[ on input line 2938.
LaTeX Info: Redefining \] on input line 2939.
)
("/Library/Application Support/MiKTeX/texmfs/install/tex/generic/iftex/ifxetex.
sty"
Package: ifxetex 2019/10/25 v0.7 ifxetex legacy package. Use iftex instead.

("/Library/Application Support/MiKTeX/texmfs/install/tex/generic/iftex/iftex.st
y"
Package: iftex 2020/03/06 v1.0d TeX engine tests
))
("/Library/Application Support/MiKTeX/texmfs/install/tex/generic/iftex/ifluatex
.sty"
Package: ifluatex 2019/10/25 v1.5 ifluatex legacy package. Use iftex instead.
)
("/Users/rebeccakurtz-garcia/Library/Application Support/MiKTeX/texmfs/install/
tex/latex/unicode-math/unicode-math.sty"
("/Library/Application Support/MiKTeX/texmfs/install/tex/latex/l3kernel/expl3.s
ty"
Package: expl3 2021-11-22 L3 programming layer (loader) 

("/Library/Application Support/MiKTeX/texmfs/install/tex/latex/l3backend/l3back
end-xetex.def"
File: l3backend-xetex.def 2021-10-18 L3 backend support: XeTeX
()
\c__kernel_sys_dvipdfmx_version_int=\count266
\l__color_backend_stack_int=\count267
\g__graphics_track_int=\count268
\l__pdf_internal_box=\box52
\g__pdf_backend_object_int=\count269
\g__pdf_backend_annotation_int=\count270
\g__pdf_backend_link_int=\count271
))
Package: unicode-math 2020/01/31 v0.8q Unicode maths in XeLaTeX and LuaLaTeX

("/Users/rebeccakurtz-garcia/Library/Application Support/MiKTeX/texmfs/install/
tex/latex/unicode-math/unicode-math-xetex.sty"
Package: unicode-math-xetex 2020/01/31 v0.8q Unicode maths in XeLaTeX and LuaLa
TeX

("/Library/Application Support/MiKTeX/texmfs/install/tex/latex/l3packages/xpars
e/xparse.sty"
Package: xparse 2021-11-12 L3 Experimental document command parser
)
("/Library/Application Support/MiKTeX/texmfs/install/tex/latex/l3packages/l3key
s2e/l3keys2e.sty"
Package: l3keys2e 2021-11-12 LaTeX2e option processing using LaTeX3 keys
)
("/Library/Application Support/MiKTeX/texmfs/install/tex/latex/fontspec/fontspe
c.sty"
Package: fontspec 2020/02/21 v2.7i Font selection for XeLaTeX and LuaLaTeX

("/Library/Application Support/MiKTeX/texmfs/install/tex/latex/fontspec/fontspe
c-xetex.sty"
Package: fontspec-xetex 2020/02/21 v2.7i Font selection for XeLaTeX and LuaLaTe
X
\l__fontspec_script_int=\count272
\l__fontspec_language_int=\count273
\l__fontspec_strnum_int=\count274
\l__fontspec_tmp_int=\count275
\l__fontspec_tmpa_int=\count276
\l__fontspec_tmpb_int=\count277
\l__fontspec_tmpc_int=\count278
\l__fontspec_em_int=\count279
\l__fontspec_emdef_int=\count280
\l__fontspec_strong_int=\count281
\l__fontspec_strongdef_int=\count282
\l__fontspec_tmpa_dim=\dimen148
\l__fontspec_tmpb_dim=\dimen149
\l__fontspec_tmpc_dim=\dimen150
("/Library/Application Support/MiKTeX/texmfs/install/tex/latex/base/fontenc.sty
"
Package: fontenc 2021/04/29 v2.0v Standard LaTeX package
)
("/Library/Application Support/MiKTeX/texmfs/install/tex/latex/fontspec/fontspe
c.cfg"))) ("/Library/Application Support/MiKTeX/texmfs/install/tex/latex/base/f
ix-cm.sty"
Package: fix-cm 2020/11/24 v1.1t fixes to LaTeX
("/Library/Application Support/MiKTeX/texmfs/install/tex/latex/base/ts1enc.def"
File: ts1enc.def 2001/06/05 v3.0e (jk/car/fm) Standard LaTeX file
LaTeX Font Info:    Redeclaring font encoding TS1 on input line 47.
))
\g__um_fam_int=\count283
\g__um_fonts_used_int=\count284
\l__um_primecount_int=\count285
\g__um_primekern_muskip=\muskip17

("/Users/rebeccakurtz-garcia/Library/Application Support/MiKTeX/texmfs/install/
tex/latex/unicode-math/unicode-math-table.tex")))

Package fontspec Info: Arial scale = 0.8311533923217035.


Package fontspec Info: Arial scale = 0.8311533923217035.


Package fontspec Info: Arial/B scale = 0.8311533923217035.


Package fontspec Info: Arial/I scale = 0.8311533923217035.


Package fontspec Info: Arial/BI scale = 0.8311533923217035.


Package fontspec Info: Font family 'Arial(0)' created for font 'Arial' with
(fontspec)             options [Scale=MatchLowercase,Ligatures=TeX,Scale=1].
(fontspec)              
(fontspec)              This font family consists of the following NFSS
(fontspec)             series/shapes:
(fontspec)              
(fontspec)             - 'normal' (m/n) with NFSS spec.:
(fontspec)             <->s*[1]"Arial/OT:script=latn;language=dflt;mapping=tex-
text;"
(fontspec)             - 'small caps'  (m/sc) with NFSS spec.: 
(fontspec)             - 'bold' (b/n) with NFSS spec.:
(fontspec)             <->s*[1]"Arial/B/OT:script=latn;language=dflt;mapping=te
x-text;"
(fontspec)             - 'bold small caps'  (b/sc) with NFSS spec.: 
(fontspec)             - 'italic' (m/it) with NFSS spec.:
(fontspec)             <->s*[1]"Arial/I/OT:script=latn;language=dflt;mapping=te
x-text;"
(fontspec)             - 'italic small caps'  (m/scit) with NFSS spec.: 
(fontspec)             - 'bold italic' (b/it) with NFSS spec.:
(fontspec)             <->s*[1]"Arial/BI/OT:script=latn;language=dflt;mapping=t
ex-text;"
(fontspec)             - 'bold italic small caps'  (b/scit) with NFSS spec.: 

LaTeX Font Info:    Font shape `TU/Arial(0)/m/n' will be
(Font)              scaled to size 10.0pt on input line 19.

Package fontspec Info: Arial scale = 0.9999970574474535.


Package fontspec Info: Arial scale = 0.9999970574474535.


Package fontspec Info: Arial/B scale = 0.9999970574474535.


Package fontspec Info: Arial/I scale = 0.9999970574474535.


Package fontspec Info: Arial/BI scale = 0.9999970574474535.


Package fontspec Info: Font family 'Arial(1)' created for font 'Arial' with
(fontspec)             options [Scale=MatchLowercase].
(fontspec)              
(fontspec)              This font family consists of the following NFSS
(fontspec)             series/shapes:
(fontspec)              
(fontspec)             - 'normal' (m/n) with NFSS spec.:
(fontspec)             <->s*[0.9999970574474535]"Arial/OT:script=latn;language=
dflt;"
(fontspec)             - 'small caps'  (m/sc) with NFSS spec.: 
(fontspec)             - 'bold' (b/n) with NFSS spec.:
(fontspec)             <->s*[0.9999970574474535]"Arial/B/OT:script=latn;languag
e=dflt;"
(fontspec)             - 'bold small caps'  (b/sc) with NFSS spec.: 
(fontspec)             - 'italic' (m/it) with NFSS spec.:
(fontspec)             <->s*[0.9999970574474535]"Arial/I/OT:script=latn;languag
e=dflt;"
(fontspec)             - 'italic small caps'  (m/scit) with NFSS spec.: 
(fontspec)             - 'bold italic' (b/it) with NFSS spec.:
(fontspec)             <->s*[0.9999970574474535]"Arial/BI/OT:script=latn;langua
ge=dflt;"
(fontspec)             - 'bold italic small caps'  (b/scit) with NFSS spec.: 

LaTeX Font Info:    Overwriting math alphabet `\mathrm' in version `normal'
(Font)                  OT1/lmr/m/n --> TU/Arial(1)/m/n on input line 19.
LaTeX Font Info:    Overwriting math alphabet `\mathit' in version `normal'
(Font)                  OT1/lmr/m/it --> TU/Arial(1)/m/it on input line 19.
LaTeX Font Info:    Overwriting math alphabet `\mathbf' in version `normal'
(Font)                  OT1/lmr/bx/n --> TU/Arial(1)/b/n on input line 19.

Package fontspec Info: Courier New scale = 1.226323519329102.


Package fontspec Info: Courier New scale = 1.226323519329102.


Package fontspec Info: Courier New/B scale = 1.169599498900403.


Package fontspec Info: Courier New/I scale = 1.226323519329102.


Package fontspec Info: Courier New/BI scale = 1.169599498900403.


Package fontspec Info: Font family 'CourierNew(0)' created for font 'Courier
(fontspec)             New' with options
(fontspec)             [Scale=MatchLowercase,WordSpace={1,0,0},HyphenChar=None,
PunctuationSpace=WordSpace].
(fontspec)              
(fontspec)              This font family consists of the following NFSS
(fontspec)             series/shapes:
(fontspec)              
(fontspec)             - 'normal' (m/n) with NFSS spec.:
(fontspec)             <->s*[1.226323519329102]"Courier
(fontspec)             New/OT:script=latn;language=dflt;"
(fontspec)             - 'small caps'  (m/sc) with NFSS spec.: 
(fontspec)             and font adjustment code:
(fontspec)             \fontdimen 2\font =1\fontdimen 2\font \fontdimen 3\font
(fontspec)             =0\fontdimen 3\font \fontdimen 4\font =0\fontdimen
(fontspec)             4\font \fontdimen 7\font =0\fontdimen 2\font
(fontspec)             \tex_hyphenchar:D \font =-1\scan_stop: 
(fontspec)             - 'bold' (b/n) with NFSS spec.:
(fontspec)             <->s*[1.169599498900403]"Courier
(fontspec)             New/B/OT:script=latn;language=dflt;"
(fontspec)             - 'bold small caps'  (b/sc) with NFSS spec.: 
(fontspec)             and font adjustment code:
(fontspec)             \fontdimen 2\font =1\fontdimen 2\font \fontdimen 3\font
(fontspec)             =0\fontdimen 3\font \fontdimen 4\font =0\fontdimen
(fontspec)             4\font \fontdimen 7\font =0\fontdimen 2\font
(fontspec)             \tex_hyphenchar:D \font =-1\scan_stop: 
(fontspec)             - 'italic' (m/it) with NFSS spec.:
(fontspec)             <->s*[1.226323519329102]"Courier
(fontspec)             New/I/OT:script=latn;language=dflt;"
(fontspec)             - 'italic small caps'  (m/scit) with NFSS spec.: 
(fontspec)             and font adjustment code:
(fontspec)             \fontdimen 2\font =1\fontdimen 2\font \fontdimen 3\font
(fontspec)             =0\fontdimen 3\font \fontdimen 4\font =0\fontdimen
(fontspec)             4\font \fontdimen 7\font =0\fontdimen 2\font
(fontspec)             \tex_hyphenchar:D \font =-1\scan_stop: 
(fontspec)             - 'bold italic' (b/it) with NFSS spec.:
(fontspec)             <->s*[1.169599498900403]"Courier
(fontspec)             New/BI/OT:script=latn;language=dflt;"
(fontspec)             - 'bold italic small caps'  (b/scit) with NFSS spec.: 
(fontspec)             and font adjustment code:
(fontspec)             \fontdimen 2\font =1\fontdimen 2\font \fontdimen 3\font
(fontspec)             =0\fontdimen 3\font \fontdimen 4\font =0\fontdimen
(fontspec)             4\font \fontdimen 7\font =0\fontdimen 2\font
(fontspec)             \tex_hyphenchar:D \font =-1\scan_stop: 


Package fontspec Info: Courier New scale = 1.226323519329102.


Package fontspec Info: Courier New scale = 1.226323519329102.


Package fontspec Info: Courier New/B scale = 1.169599498900403.


Package fontspec Info: Courier New/I scale = 1.226323519329102.


Package fontspec Info: Courier New/BI scale = 1.169599498900403.


Package fontspec Info: Font family 'CourierNew(1)' created for font 'Courier
(fontspec)             New' with options [Scale=MatchLowercase].
(fontspec)              
(fontspec)              This font family consists of the following NFSS
(fontspec)             series/shapes:
(fontspec)              
(fontspec)             - 'normal' (m/n) with NFSS spec.:
(fontspec)             <->s*[1.226323519329102]"Courier
(fontspec)             New/OT:script=latn;language=dflt;"
(fontspec)             - 'small caps'  (m/sc) with NFSS spec.: 
(fontspec)             - 'bold' (b/n) with NFSS spec.:
(fontspec)             <->s*[1.169599498900403]"Courier
(fontspec)             New/B/OT:script=latn;language=dflt;"
(fontspec)             - 'bold small caps'  (b/sc) with NFSS spec.: 
(fontspec)             - 'italic' (m/it) with NFSS spec.:
(fontspec)             <->s*[1.226323519329102]"Courier
(fontspec)             New/I/OT:script=latn;language=dflt;"
(fontspec)             - 'italic small caps'  (m/scit) with NFSS spec.: 
(fontspec)             - 'bold italic' (b/it) with NFSS spec.:
(fontspec)             <->s*[1.169599498900403]"Courier
(fontspec)             New/BI/OT:script=latn;language=dflt;"
(fontspec)             - 'bold italic small caps'  (b/scit) with NFSS spec.: 

LaTeX Font Info:    Overwriting math alphabet `\mathtt' in version `normal'
(Font)                  OT1/lmtt/m/n --> TU/CourierNew(1)/m/n on input line 20.

LaTeX Font Info:    Overwriting math alphabet `\mathtt' in version `bold'
(Font)                  OT1/lmtt/m/n --> TU/CourierNew(1)/b/n on input line 20.


("/Users/rebeccakurtz-garcia/Library/Application Support/MiKTeX/texmfs/install/
tex/latex/upquote/upquote.sty"
Package: upquote 2012/04/19 v1.3 upright-quote and grave-accent glyphs in verba
tim

("/Library/Application Support/MiKTeX/texmfs/install/tex/latex/base/textcomp.st
y"
Package: textcomp 2020/02/02 v2.0n Standard LaTeX package
))
("/Users/rebeccakurtz-garcia/Library/Application Support/MiKTeX/texmfs/install/
tex/latex/microtype/microtype.sty"
Package: microtype 2021/03/14 v2.8c Micro-typographical refinements (RS)

("/Library/Application Support/MiKTeX/texmfs/install/tex/latex/graphics/keyval.
sty"
Package: keyval 2014/10/28 v1.15 key=value parser (DPC)
\KV@toks@=\toks22
)
\MT@toks=\toks23
\MT@count=\count286

LaTeX hooks Warning: Generic hook 'package/after/fontspec' is deprecated.
(hooks)              Use hook 'package/fontspec/after' instead.

LaTeX Info: Redefining \textls on input line 790.
\MT@outer@kern=\dimen151
LaTeX Info: Redefining \textmicrotypecontext on input line 1374.
\MT@listname@count=\count287

("/Users/rebeccakurtz-garcia/Library/Application Support/MiKTeX/texmfs/install/
tex/latex/microtype/microtype-xetex.def"
File: microtype-xetex.def 2021/03/14 v2.8c Definitions specific to xetex (RS)
LaTeX Info: Redefining \lsstyle on input line 254.
)
Package microtype Info: Loading configuration file microtype.cfg.

("/Users/rebeccakurtz-garcia/Library/Application Support/MiKTeX/texmfs/install/
tex/latex/microtype/microtype.cfg"
File: microtype.cfg 2021/03/14 v2.8c microtype main configuration file (RS)
))
("/Users/rebeccakurtz-garcia/Library/Application Support/MiKTeX/texmfs/install/
tex/latex/parskip/parskip.sty"
Package: parskip 2021-03-14 v2.0h non-zero parskip adjustments

("/Users/rebeccakurtz-garcia/Library/Application Support/MiKTeX/texmfs/install/
tex/latex/kvoptions/kvoptions.sty"
Package: kvoptions 2020-10-07 v3.14 Key value format for package options (HO)

("/Users/rebeccakurtz-garcia/Library/Application Support/MiKTeX/texmfs/install/
tex/generic/ltxcmds/ltxcmds.sty"
Package: ltxcmds 2020-05-10 v1.25 LaTeX kernel commands for general use (HO)
)
("/Users/rebeccakurtz-garcia/Library/Application Support/MiKTeX/texmfs/install/
tex/generic/kvsetkeys/kvsetkeys.sty"
Package: kvsetkeys 2019/12/15 v1.18 Key value parser (HO)
))
("/Library/Application Support/MiKTeX/texmfs/install/tex/latex/etoolbox/etoolbo
x.sty"
Package: etoolbox 2020/10/05 v2.5k e-TeX tools for LaTeX (JAW)
\etb@tempcnta=\count288
))
("/Library/Application Support/MiKTeX/texmfs/install/tex/latex/xcolor/xcolor.st
y"
Package: xcolor 2021/10/31 v2.13 LaTeX color extensions (UK)

("/Library/Application Support/MiKTeX/texmfs/install/tex/latex/graphics-cfg/col
or.cfg"
File: color.cfg 2016/01/02 v1.6 sample color configuration
)
Package xcolor Info: Driver file: xetex.def on input line 227.

("/Library/Application Support/MiKTeX/texmfs/install/tex/latex/graphics-def/xet
ex.def"
File: xetex.def 2021/03/18 v5.0k Graphics/color driver for xetex
)
Package xcolor Info: Model `cmy' substituted by `cmy0' on input line 1352.
Package xcolor Info: Model `RGB' extended on input line 1368.
Package xcolor Info: Model `HTML' substituted by `rgb' on input line 1370.
Package xcolor Info: Model `Hsb' substituted by `hsb' on input line 1371.
Package xcolor Info: Model `tHsb' substituted by `hsb' on input line 1372.
Package xcolor Info: Model `HSB' substituted by `hsb' on input line 1373.
Package xcolor Info: Model `Gray' substituted by `gray' on input line 1374.
Package xcolor Info: Model `wave' substituted by `hsb' on input line 1375.
)
("/Users/rebeccakurtz-garcia/Library/Application Support/MiKTeX/texmfs/install/
tex/latex/xurl/xurl.sty"
Package: xurl 2020/12/30 v 0.09a modify URL breaks
("/Library/Application Support/MiKTeX/texmfs/install/tex/latex/url/url.sty"
\Urlmuskip=\muskip18
Package: url 2013/09/16  ver 3.4  Verb mode for urls, etc.
))
("/Users/rebeccakurtz-garcia/Library/Application Support/MiKTeX/texmfs/install/
tex/latex/bookmark/bookmark.sty"
Package: bookmark 2020-11-06 v1.29 PDF bookmarks (HO)

("/Library/Application Support/MiKTeX/texmfs/install/tex/latex/hyperref/hyperre
f.sty"
Package: hyperref 2021-06-07 v7.00m Hypertext links for LaTeX

("/Library/Application Support/MiKTeX/texmfs/install/tex/generic/pdftexcmds/pdf
texcmds.sty"
Package: pdftexcmds 2020-06-27 v0.33 Utility functions of pdfTeX for LuaTeX (HO
)

("/Users/rebeccakurtz-garcia/Library/Application Support/MiKTeX/texmfs/install/
tex/generic/infwarerr/infwarerr.sty"
Package: infwarerr 2019/12/03 v1.5 Providing info/warning/error messages (HO)
)
Package pdftexcmds Info: \pdf@primitive is available.
Package pdftexcmds Info: \pdf@ifprimitive is available.
Package pdftexcmds Info: \pdfdraftmode not found.
)
("/Users/rebeccakurtz-garcia/Library/Application Support/MiKTeX/texmfs/install/
tex/generic/kvdefinekeys/kvdefinekeys.sty"
Package: kvdefinekeys 2019-12-19 v1.6 Define keys (HO)
)
("/Users/rebeccakurtz-garcia/Library/Application Support/MiKTeX/texmfs/install/
tex/generic/pdfescape/pdfescape.sty"
Package: pdfescape 2019/12/09 v1.15 Implements pdfTeX's escape features (HO)
)
("/Users/rebeccakurtz-garcia/Library/Application Support/MiKTeX/texmfs/install/
tex/latex/hycolor/hycolor.sty"
Package: hycolor 2020-01-27 v1.10 Color options for hyperref/bookmark (HO)
)
("/Users/rebeccakurtz-garcia/Library/Application Support/MiKTeX/texmfs/install/
tex/latex/letltxmacro/letltxmacro.sty"
Package: letltxmacro 2019/12/03 v1.6 Let assignment for LaTeX macros (HO)
)
("/Users/rebeccakurtz-garcia/Library/Application Support/MiKTeX/texmfs/install/
tex/latex/auxhook/auxhook.sty"
Package: auxhook 2019-12-17 v1.6 Hooks for auxiliary files (HO)
)
\@linkdim=\dimen152
\Hy@linkcounter=\count289
\Hy@pagecounter=\count290

("/Library/Application Support/MiKTeX/texmfs/install/tex/latex/hyperref/pd1enc.
def"
File: pd1enc.def 2021-06-07 v7.00m Hyperref: PDFDocEncoding definition (HO)
)
("/Library/Application Support/MiKTeX/texmfs/install/tex/latex/hyperref/hyperre
f-langpatches.def"
File: hyperref-langpatches.def 2021-06-07 v7.00m Hyperref: patches for babel la
nguages
)
("/Users/rebeccakurtz-garcia/Library/Application Support/MiKTeX/texmfs/install/
tex/generic/intcalc/intcalc.sty"
Package: intcalc 2019/12/15 v1.3 Expandable calculations with integers (HO)
)
("/Users/rebeccakurtz-garcia/Library/Application Support/MiKTeX/texmfs/install/
tex/generic/etexcmds/etexcmds.sty"
Package: etexcmds 2019/12/15 v1.7 Avoid name clashes with e-TeX commands (HO)
)
\Hy@SavedSpaceFactor=\count291

("/Library/Application Support/MiKTeX/texmfs/install/tex/latex/hyperref/puenc.d
ef"
File: puenc.def 2021-06-07 v7.00m Hyperref: PDF Unicode definition (HO)
)
Package hyperref Info: Option `unicode' set `true' on input line 4073.
Package hyperref Info: Hyper figures OFF on input line 4192.
Package hyperref Info: Link nesting OFF on input line 4197.
Package hyperref Info: Hyper index ON on input line 4200.
Package hyperref Info: Plain pages OFF on input line 4207.
Package hyperref Info: Backreferencing OFF on input line 4212.
Package hyperref Info: Implicit mode ON; LaTeX internals redefined.
Package hyperref Info: Bookmarks ON on input line 4445.
\c@Hy@tempcnt=\count292
LaTeX Info: Redefining \url on input line 4804.
\XeTeXLinkMargin=\dimen153

("/Users/rebeccakurtz-garcia/Library/Application Support/MiKTeX/texmfs/install/
tex/generic/bitset/bitset.sty"
Package: bitset 2019/12/09 v1.3 Handle bit-vector datatype (HO)

("/Users/rebeccakurtz-garcia/Library/Application Support/MiKTeX/texmfs/install/
tex/generic/bigintcalc/bigintcalc.sty"
Package: bigintcalc 2019/12/15 v1.5 Expandable calculations on big integers (HO
)
))
\Fld@menulength=\count293
\Field@Width=\dimen154
\Fld@charsize=\dimen155
Package hyperref Info: Hyper figures OFF on input line 6076.
Package hyperref Info: Link nesting OFF on input line 6081.
Package hyperref Info: Hyper index ON on input line 6084.
Package hyperref Info: backreferencing OFF on input line 6091.
Package hyperref Info: Link coloring OFF on input line 6096.
Package hyperref Info: Link coloring with OCG OFF on input line 6101.
Package hyperref Info: PDF/A mode OFF on input line 6106.
LaTeX Info: Redefining \ref on input line 6146.
LaTeX Info: Redefining \pageref on input line 6150.

("/Library/Application Support/MiKTeX/texmfs/install/tex/latex/base/atbegshi-lt
x.sty"
Package: atbegshi-ltx 2021/01/10 v1.0c Emulation of the original atbegshi
package with kernel methods
)
\Hy@abspage=\count294
\c@Item=\count295
\c@Hfootnote=\count296
)
Package hyperref Info: Driver (autodetected): hxetex.

("/Library/Application Support/MiKTeX/texmfs/install/tex/latex/hyperref/hxetex.
def"
File: hxetex.def 2021-06-07 v7.00m Hyperref driver for XeTeX

("/Users/rebeccakurtz-garcia/Library/Application Support/MiKTeX/texmfs/install/
tex/generic/stringenc/stringenc.sty"
Package: stringenc 2019/11/29 v1.12 Convert strings between diff. encodings (HO
)
)
\pdfm@box=\box53
\c@Hy@AnnotLevel=\count297
\HyField@AnnotCount=\count298
\Fld@listcount=\count299
\c@bookmark@seq@number=\count300

("/Users/rebeccakurtz-garcia/Library/Application Support/MiKTeX/texmfs/install/
tex/latex/rerunfilecheck/rerunfilecheck.sty"
Package: rerunfilecheck 2019/12/05 v1.9 Rerun checks for auxiliary files (HO)

("/Library/Application Support/MiKTeX/texmfs/install/tex/latex/base/atveryend-l
tx.sty"
Package: atveryend-ltx 2020/08/19 v1.0a Emulation of the original atveryend pac
kage
with kernel methods
)
("/Users/rebeccakurtz-garcia/Library/Application Support/MiKTeX/texmfs/install/
tex/generic/uniquecounter/uniquecounter.sty"
Package: uniquecounter 2019/12/15 v1.4 Provide unlimited unique counter (HO)
)
Package uniquecounter Info: New unique counter `rerunfilecheck' on input line 2
86.
)
\Hy@SectionHShift=\skip52
)
("/Users/rebeccakurtz-garcia/Library/Application Support/MiKTeX/texmfs/install/
tex/latex/bookmark/bkm-dvipdfm.def"
File: bkm-dvipdfm.def 2020-11-06 v1.29 bookmark driver for dvipdfm (HO)
\BKM@id=\count301
))
("/Users/rebeccakurtz-garcia/Library/Application Support/MiKTeX/texmfs/install/
tex/latex/fancyvrb/fancyvrb.sty"
Package: fancyvrb 2021/08/12 v3.8 verbatim text (tvz,hv)
\FV@CodeLineNo=\count302
\FV@InFile=\read2
\FV@TabBox=\box54
\c@FancyVerbLine=\count303
\FV@StepNumber=\count304
\FV@OutFile=\write3
)
("/Users/rebeccakurtz-garcia/Library/Application Support/MiKTeX/texmfs/install/
tex/latex/framed/framed.sty"
Package: framed 2011/10/22 v 0.96: framed or shaded text with page breaks
\OuterFrameSep=\skip53
\fb@frw=\dimen156
\fb@frh=\dimen157
\FrameRule=\dimen158
\FrameSep=\dimen159
)
("/Users/rebeccakurtz-garcia/Library/Application Support/MiKTeX/texmfs/install/
tex/latex/tools/longtable.sty"
Package: longtable 2021-09-01 v4.17 Multi-page Table package (DPC)
\LTleft=\skip54
\LTright=\skip55
\LTpre=\skip56
\LTpost=\skip57
\LTchunksize=\count305
\LTcapwidth=\dimen160
\LT@head=\box55
\LT@firsthead=\box56
\LT@foot=\box57
\LT@lastfoot=\box58
\LT@gbox=\box59
\LT@cols=\count306
\LT@rows=\count307
\c@LT@tables=\count308
\c@LT@chunks=\count309
\LT@p@ftn=\toks24
)
("/Users/rebeccakurtz-garcia/Library/Application Support/MiKTeX/texmfs/install/
tex/latex/booktabs/booktabs.sty"
Package: booktabs 2020/01/12 v1.61803398 Publication quality tables
\heavyrulewidth=\dimen161
\lightrulewidth=\dimen162
\cmidrulewidth=\dimen163
\belowrulesep=\dimen164
\belowbottomsep=\dimen165
\aboverulesep=\dimen166
\abovetopsep=\dimen167
\cmidrulesep=\dimen168
\cmidrulekern=\dimen169
\defaultaddspace=\dimen170
\@cmidla=\count310
\@cmidlb=\count311
\@aboverulesep=\dimen171
\@belowrulesep=\dimen172
\@thisruleclass=\count312
\@lastruleclass=\count313
\@thisrulewidth=\dimen173
)
("/Users/rebeccakurtz-garcia/Library/Application Support/MiKTeX/texmfs/install/
tex/latex/footnotehyper/footnotehyper.sty"
Package: footnotehyper 2021/08/13 v1.1e hyperref aware footnote.sty (JFB)
\FNH@notes=\box60
\FNH@width=\dimen174
\FNH@toks=\toks25
)
("/Library/Application Support/MiKTeX/texmfs/install/tex/latex/graphics/graphic
x.sty"
Package: graphicx 2021/09/16 v1.2d Enhanced LaTeX Graphics (DPC,SPQR)

("/Library/Application Support/MiKTeX/texmfs/install/tex/latex/graphics/graphic
s.sty"
Package: graphics 2021/03/04 v1.4d Standard LaTeX Graphics (DPC,SPQR)

("/Library/Application Support/MiKTeX/texmfs/install/tex/latex/graphics/trig.st
y"
Package: trig 2021/08/11 v1.11 sin cos tan (DPC)
)
("/Library/Application Support/MiKTeX/texmfs/install/tex/latex/graphics-cfg/gra
phics.cfg"
File: graphics.cfg 2016/06/04 v1.11 sample graphics configuration
)
Package graphics Info: Driver file: xetex.def on input line 107.
)
\Gin@req@height=\dimen175
\Gin@req@width=\dimen176
)
("/Users/rebeccakurtz-garcia/Library/Application Support/MiKTeX/texmfs/install/
tex/latex/grffile/grffile.sty"
Package: grffile 2019/11/11 v2.1 Extended file name support for graphics (legac
y)
Package grffile Info: This package is an empty stub for compatibility on input 
line 40.
)
("/Users/rebeccakurtz-garcia/Library/Application Support/MiKTeX/texmfs/install/
tex/latex/natbib/natbib.sty"
Package: natbib 2010/09/13 8.31b (PWD, AO)
\bibhang=\skip58
\bibsep=\skip59
LaTeX Info: Redefining \cite on input line 694.
\c@NAT@ctr=\count314
) (_main.aux)
\openout1 = `_main.aux'.

LaTeX Font Info:    Checking defaults for OML/cmm/m/it on input line 120.
LaTeX Font Info:    ... okay on input line 120.
LaTeX Font Info:    Checking defaults for OMS/cmsy/m/n on input line 120.
LaTeX Font Info:    ... okay on input line 120.
LaTeX Font Info:    Checking defaults for OT1/cmr/m/n on input line 120.
LaTeX Font Info:    ... okay on input line 120.
LaTeX Font Info:    Checking defaults for T1/cmr/m/n on input line 120.
LaTeX Font Info:    ... okay on input line 120.
LaTeX Font Info:    Checking defaults for TS1/cmr/m/n on input line 120.
LaTeX Font Info:    ... okay on input line 120.
LaTeX Font Info:    Checking defaults for TU/lmr/m/n on input line 120.
LaTeX Font Info:    ... okay on input line 120.
LaTeX Font Info:    Checking defaults for OMX/cmex/m/n on input line 120.
LaTeX Font Info:    ... okay on input line 120.
LaTeX Font Info:    Checking defaults for U/cmr/m/n on input line 120.
LaTeX Font Info:    ... okay on input line 120.
LaTeX Font Info:    Checking defaults for PD1/pdf/m/n on input line 120.
LaTeX Font Info:    ... okay on input line 120.
LaTeX Font Info:    Checking defaults for PU/pdf/m/n on input line 120.
LaTeX Font Info:    ... okay on input line 120.
LaTeX Font Info:    Overwriting math alphabet `\mathsf' in version `normal'
(Font)                  OT1/lmss/m/n --> TU/lmss/m/n on input line 120.
LaTeX Font Info:    Overwriting math alphabet `\mathsf' in version `bold'
(Font)                  OT1/lmss/bx/n --> TU/lmss/b/n on input line 120.

Package fontspec Info: latinmodern-math scale = 1.203139548468638.


Package fontspec Info: latinmodern-math scale = 1.203139548468638.


Package fontspec Info: latinmodern-math scale = 1.203139548468638.


Package fontspec Info: Font family 'latinmodern-math.otf(0)' created for font
(fontspec)             'latinmodern-math.otf' with options
(fontspec)             [Scale=MatchLowercase,BoldItalicFont={},ItalicFont={},Sm
allCapsFont={},Script=Math,BoldFont={latinmodern-math.otf}].
(fontspec)              
(fontspec)              This font family consists of the following NFSS
(fontspec)             series/shapes:
(fontspec)              
(fontspec)             - 'normal' (m/n) with NFSS spec.:
(fontspec)             <->s*[1.203139548468638]"[latinmodern-math.otf]/OT:scrip
t=math;language=dflt;"
(fontspec)             - 'small caps'  (m/sc) with NFSS spec.: 
(fontspec)             - 'bold' (b/n) with NFSS spec.:
(fontspec)             <->s*[1.203139548468638]"[latinmodern-math.otf]/OT:scrip
t=math;language=dflt;"
(fontspec)             - 'bold small caps'  (b/sc) with NFSS spec.: 

LaTeX Font Info:    Font shape `TU/latinmodern-math.otf(0)/m/n' will be
(Font)              scaled to size 12.0314pt on input line 120.

Package fontspec Info: latinmodern-math scale = 1.203139548468638.


Package fontspec Info: latinmodern-math scale = 1.203139548468638.


Package fontspec Info: latinmodern-math scale = 1.203139548468638.


Package fontspec Info: latinmodern-math scale = 1.203139548468638.


Package fontspec Info: latinmodern-math scale = 1.203139548468638.


Package fontspec Info: Font family 'latinmodern-math.otf(1)' created for font
(fontspec)             'latinmodern-math.otf' with options
(fontspec)             [Scale=MatchLowercase,BoldItalicFont={},ItalicFont={},Sm
allCapsFont={},Script=Math,SizeFeatures={{Size=8.5-},{Size=6-8.5,Font=latinmode
rn-math.otf,Style=MathScript},{Size=-6,Font=latinmodern-math.otf,Style=MathScri
ptScript}},BoldFont={latinmodern-math.otf}].
(fontspec)              
(fontspec)              This font family consists of the following NFSS
(fontspec)             series/shapes:
(fontspec)              
(fontspec)             - 'normal' (m/n) with NFSS spec.:
(fontspec)             <8.5->s*[1.203139548468638]"[latinmodern-math.otf]/OT:sc
ript=math;language=dflt;"<6-8.5>s*[1.203139548468638]"[latinmodern-math.otf]/OT
:script=math;language=dflt;+ssty=0;"<-6>s*[1.203139548468638]"[latinmodern-math
.otf]/OT:script=math;language=dflt;+ssty=1;"
(fontspec)             - 'small caps'  (m/sc) with NFSS spec.: 
(fontspec)             - 'bold' (b/n) with NFSS spec.:
(fontspec)             <->s*[1.203139548468638]"[latinmodern-math.otf]/OT:scrip
t=math;language=dflt;"
(fontspec)             - 'bold small caps'  (b/sc) with NFSS spec.: 

LaTeX Font Info:    Font shape `TU/latinmodern-math.otf(1)/m/n' will be
(Font)              scaled to size 12.0314pt on input line 120.
LaTeX Font Info:    Encoding `OT1' has changed to `TU' for symbol font
(Font)              `operators' in the math version `normal' on input line 120.

LaTeX Font Info:    Overwriting symbol font `operators' in version `normal'
(Font)                  OT1/lmr/m/n --> TU/latinmodern-math.otf(1)/m/n on input
 line 120.
LaTeX Font Info:    Encoding `OT1' has changed to `TU' for symbol font
(Font)              `operators' in the math version `bold' on input line 120.
LaTeX Font Info:    Overwriting symbol font `operators' in version `bold'
(Font)                  OT1/lmr/bx/n --> TU/latinmodern-math.otf(1)/b/n on inpu
t line 120.

Package fontspec Info: latinmodern-math scale = 1.203139548468638.


Package fontspec Info: latinmodern-math scale = 1.203259862423485.


Package fontspec Info: latinmodern-math scale = 1.203139548468638.


Package fontspec Info: latinmodern-math scale = 1.203259862423485.


Package fontspec Info: latinmodern-math scale = 1.203139548468638.


Package fontspec Info: latinmodern-math scale = 1.203259862423485.


Package fontspec Info: latinmodern-math scale = 1.203139548468638.


Package fontspec Info: latinmodern-math scale = 1.203259862423485.


Package fontspec Info: latinmodern-math scale = 1.203139548468638.


Package fontspec Info: latinmodern-math scale = 1.203259862423485.


Package fontspec Info: Font family 'latinmodern-math.otf(2)' created for font
(fontspec)             'latinmodern-math.otf' with options
(fontspec)             [Scale=MatchLowercase,BoldItalicFont={},ItalicFont={},Sm
allCapsFont={},Script=Math,SizeFeatures={{Size=8.5-},{Size=6-8.5,Font=latinmode
rn-math.otf,Style=MathScript},{Size=-6,Font=latinmodern-math.otf,Style=MathScri
ptScript}},BoldFont={latinmodern-math.otf},ScaleAgain=1.0001,FontAdjustment={\f
ontdimen
(fontspec)             8\font =8.14526pt\relax \fontdimen 9\font
(fontspec)             =4.74037pt\relax \fontdimen 10\font =5.34195pt\relax
(fontspec)             \fontdimen 11\font =8.25354pt\relax \fontdimen 12\font
(fontspec)             =4.15083pt\relax \fontdimen 13\font =4.3674pt\relax
(fontspec)             \fontdimen 14\font =4.3674pt\relax \fontdimen 15\font
(fontspec)             =3.47708pt\relax \fontdimen 16\font =2.97176pt\relax
(fontspec)             \fontdimen 17\font =2.97176pt\relax \fontdimen 18\font
(fontspec)             =3.00786pt\relax \fontdimen 19\font =2.40628pt\relax
(fontspec)             \fontdimen 22\font =3.00786pt\relax \fontdimen 20\font
(fontspec)             =0pt\relax \fontdimen 21\font =0pt\relax }].
(fontspec)              
(fontspec)              This font family consists of the following NFSS
(fontspec)             series/shapes:
(fontspec)              
(fontspec)             - 'normal' (m/n) with NFSS spec.:
(fontspec)             <8.5->s*[1.203259862423485]"[latinmodern-math.otf]/OT:sc
ript=math;language=dflt;"<6-8.5>s*[1.203259862423485]"[latinmodern-math.otf]/OT
:script=math;language=dflt;+ssty=0;"<-6>s*[1.203259862423485]"[latinmodern-math
.otf]/OT:script=math;language=dflt;+ssty=1;"
(fontspec)             - 'small caps'  (m/sc) with NFSS spec.: 
(fontspec)             and font adjustment code:
(fontspec)             \fontdimen 8\font =8.14526pt\relax \fontdimen 9\font
(fontspec)             =4.74037pt\relax \fontdimen 10\font =5.34195pt\relax
(fontspec)             \fontdimen 11\font =8.25354pt\relax \fontdimen 12\font
(fontspec)             =4.15083pt\relax \fontdimen 13\font =4.3674pt\relax
(fontspec)             \fontdimen 14\font =4.3674pt\relax \fontdimen 15\font
(fontspec)             =3.47708pt\relax \fontdimen 16\font =2.97176pt\relax
(fontspec)             \fontdimen 17\font =2.97176pt\relax \fontdimen 18\font
(fontspec)             =3.00786pt\relax \fontdimen 19\font =2.40628pt\relax
(fontspec)             \fontdimen 22\font =3.00786pt\relax \fontdimen 20\font
(fontspec)             =0pt\relax \fontdimen 21\font =0pt\relax 
(fontspec)             - 'bold' (b/n) with NFSS spec.:
(fontspec)             <->s*[1.203259862423485]"[latinmodern-math.otf]/OT:scrip
t=math;language=dflt;"
(fontspec)             - 'bold small caps'  (b/sc) with NFSS spec.: 
(fontspec)             and font adjustment code:
(fontspec)             \fontdimen 8\font =8.14526pt\relax \fontdimen 9\font
(fontspec)             =4.74037pt\relax \fontdimen 10\font =5.34195pt\relax
(fontspec)             \fontdimen 11\font =8.25354pt\relax \fontdimen 12\font
(fontspec)             =4.15083pt\relax \fontdimen 13\font =4.3674pt\relax
(fontspec)             \fontdimen 14\font =4.3674pt\relax \fontdimen 15\font
(fontspec)             =3.47708pt\relax \fontdimen 16\font =2.97176pt\relax
(fontspec)             \fontdimen 17\font =2.97176pt\relax \fontdimen 18\font
(fontspec)             =3.00786pt\relax \fontdimen 19\font =2.40628pt\relax
(fontspec)             \fontdimen 22\font =3.00786pt\relax \fontdimen 20\font
(fontspec)             =0pt\relax \fontdimen 21\font =0pt\relax 

LaTeX Font Info:    Encoding `OMS' has changed to `TU' for symbol font
(Font)              `symbols' in the math version `normal' on input line 120.
LaTeX Font Info:    Overwriting symbol font `symbols' in version `normal'
(Font)                  OMS/lmsy/m/n --> TU/latinmodern-math.otf(2)/m/n on inpu
t line 120.
LaTeX Font Info:    Encoding `OMS' has changed to `TU' for symbol font
(Font)              `symbols' in the math version `bold' on input line 120.
LaTeX Font Info:    Overwriting symbol font `symbols' in version `bold'
(Font)                  OMS/lmsy/b/n --> TU/latinmodern-math.otf(2)/b/n on inpu
t line 120.

Package fontspec Info: latinmodern-math scale = 1.203139548468638.


Package fontspec Info: latinmodern-math scale = 1.203019234513791.


Package fontspec Info: latinmodern-math scale = 1.203139548468638.


Package fontspec Info: latinmodern-math scale = 1.203019234513791.


Package fontspec Info: latinmodern-math scale = 1.203139548468638.


Package fontspec Info: latinmodern-math scale = 1.203019234513791.


Package fontspec Info: latinmodern-math scale = 1.203139548468638.


Package fontspec Info: latinmodern-math scale = 1.203019234513791.


Package fontspec Info: latinmodern-math scale = 1.203139548468638.


Package fontspec Info: latinmodern-math scale = 1.203019234513791.


Package fontspec Info: Font family 'latinmodern-math.otf(3)' created for font
(fontspec)             'latinmodern-math.otf' with options
(fontspec)             [Scale=MatchLowercase,BoldItalicFont={},ItalicFont={},Sm
allCapsFont={},Script=Math,SizeFeatures={{Size=8.5-},{Size=6-8.5,Font=latinmode
rn-math.otf,Style=MathScript},{Size=-6,Font=latinmodern-math.otf,Style=MathScri
ptScript}},BoldFont={latinmodern-math.otf},ScaleAgain=0.9999,FontAdjustment={\f
ontdimen
(fontspec)             8\font =0.48126pt\relax \fontdimen 9\font
(fontspec)             =2.40628pt\relax \fontdimen 10\font =2.00925pt\relax
(fontspec)             \fontdimen 11\font =1.33548pt\relax \fontdimen 12\font
(fontspec)             =7.21884pt\relax \fontdimen 13\font =0pt\relax }].
(fontspec)              
(fontspec)              This font family consists of the following NFSS
(fontspec)             series/shapes:
(fontspec)              
(fontspec)             - 'normal' (m/n) with NFSS spec.:
(fontspec)             <8.5->s*[1.203019234513791]"[latinmodern-math.otf]/OT:sc
ript=math;language=dflt;"<6-8.5>s*[1.203019234513791]"[latinmodern-math.otf]/OT
:script=math;language=dflt;+ssty=0;"<-6>s*[1.203019234513791]"[latinmodern-math
.otf]/OT:script=math;language=dflt;+ssty=1;"
(fontspec)             - 'small caps'  (m/sc) with NFSS spec.: 
(fontspec)             and font adjustment code:
(fontspec)             \fontdimen 8\font =0.48126pt\relax \fontdimen 9\font
(fontspec)             =2.40628pt\relax \fontdimen 10\font =2.00925pt\relax
(fontspec)             \fontdimen 11\font =1.33548pt\relax \fontdimen 12\font
(fontspec)             =7.21884pt\relax \fontdimen 13\font =0pt\relax 
(fontspec)             - 'bold' (b/n) with NFSS spec.:
(fontspec)             <->s*[1.203019234513791]"[latinmodern-math.otf]/OT:scrip
t=math;language=dflt;"
(fontspec)             - 'bold small caps'  (b/sc) with NFSS spec.: 
(fontspec)             and font adjustment code:
(fontspec)             \fontdimen 8\font =0.48126pt\relax \fontdimen 9\font
(fontspec)             =2.40628pt\relax \fontdimen 10\font =2.00925pt\relax
(fontspec)             \fontdimen 11\font =1.33548pt\relax \fontdimen 12\font
(fontspec)             =7.21884pt\relax \fontdimen 13\font =0pt\relax 

LaTeX Font Info:    Encoding `OMX' has changed to `TU' for symbol font
(Font)              `largesymbols' in the math version `normal' on input line 1
20.
LaTeX Font Info:    Overwriting symbol font `largesymbols' in version `normal'
(Font)                  OMX/lmex/m/n --> TU/latinmodern-math.otf(3)/m/n on inpu
t line 120.
LaTeX Font Info:    Encoding `OMX' has changed to `TU' for symbol font
(Font)              `largesymbols' in the math version `bold' on input line 120
.
LaTeX Font Info:    Overwriting symbol font `largesymbols' in version `bold'
(Font)                  OMX/lmex/m/n --> TU/latinmodern-math.otf(3)/b/n on inpu
t line 120.
LaTeX Info: Redefining \microtypecontext on input line 120.
Package microtype Info: Character protrusion enabled (level 2).
Package microtype Info: Using protrusion set `basicmath'.
Package microtype Info: No adjustment of tracking.
Package microtype Info: No adjustment of spacing.
Package microtype Info: No adjustment of kerning.
Package microtype Info: Loading generic protrusion settings for font family
(microtype)             `Arial' (encoding: TU).
(microtype)             For optimal results, create family-specific settings.
(microtype)             See the microtype manual for details.
Package hyperref Info: Link coloring OFF on input line 120.

("/Library/Application Support/MiKTeX/texmfs/install/tex/latex/hyperref/nameref
.sty"
Package: nameref 2021-04-02 v2.47 Cross-referencing by name of section

("/Users/rebeccakurtz-garcia/Library/Application Support/MiKTeX/texmfs/install/
tex/latex/refcount/refcount.sty"
Package: refcount 2019/12/15 v3.6 Data extraction from label references (HO)
)
("/Users/rebeccakurtz-garcia/Library/Application Support/MiKTeX/texmfs/install/
tex/generic/gettitlestring/gettitlestring.sty"
Package: gettitlestring 2019/12/15 v1.6 Cleanup title references (HO)
)
\c@section@level=\count315
)
LaTeX Info: Redefining \ref on input line 120.
LaTeX Info: Redefining \pageref on input line 120.
LaTeX Info: Redefining \nameref on input line 120.
LaTeX Font Info:    Font shape `TU/Arial(0)/m/n' will be
(Font)              scaled to size 17.28pt on input line 122.
LaTeX Font Info:    Font shape `TU/Arial(0)/m/n' will be
(Font)              scaled to size 12.0pt on input line 122.
LaTeX Font Info:    Font shape `TU/latinmodern-math.otf(1)/m/n' will be
(Font)              scaled to size 14.43768pt on input line 122.
LaTeX Font Info:    Font shape `TU/latinmodern-math.otf(1)/m/n' will be
(Font)              scaled to size 9.62512pt on input line 122.
LaTeX Font Info:    Font shape `TU/latinmodern-math.otf(1)/m/n' will be
(Font)              scaled to size 7.21884pt on input line 122.
LaTeX Font Info:    Trying to load font information for OML+lmm on input line 1
22.
("/Library/Application Support/MiKTeX/texmfs/install/tex/latex/lm/omllmm.fd"
File: omllmm.fd 2009/10/30 v1.6 Font defs for Latin Modern
)
LaTeX Font Info:    Font shape `TU/latinmodern-math.otf(2)/m/n' will be
(Font)              scaled to size 14.43915pt on input line 122.
LaTeX Font Info:    Font shape `TU/latinmodern-math.otf(2)/m/n' will be
(Font)              scaled to size 9.6261pt on input line 122.
LaTeX Font Info:    Font shape `TU/latinmodern-math.otf(2)/m/n' will be
(Font)              scaled to size 7.21957pt on input line 122.
LaTeX Font Info:    Font shape `TU/latinmodern-math.otf(3)/m/n' will be
(Font)              scaled to size 14.43622pt on input line 122.
LaTeX Font Info:    Font shape `TU/latinmodern-math.otf(3)/m/n' will be
(Font)              scaled to size 9.62415pt on input line 122.
LaTeX Font Info:    Font shape `TU/latinmodern-math.otf(3)/m/n' will be
(Font)              scaled to size 7.21811pt on input line 122.
LaTeX Font Info:    Trying to load font information for U+msa on input line 122
.
("/Library/Application Support/MiKTeX/texmfs/install/tex/latex/amsfonts/umsa.fd
"
File: umsa.fd 2013/01/14 v3.01 AMS symbols A
)
("/Users/rebeccakurtz-garcia/Library/Application Support/MiKTeX/texmfs/install/
tex/latex/microtype/mt-msa.cfg"
File: mt-msa.cfg 2006/02/04 v1.1 microtype config. file: AMS symbols (a) (RS)
)
LaTeX Font Info:    Trying to load font information for U+msb on input line 122
.
("/Library/Application Support/MiKTeX/texmfs/install/tex/latex/amsfonts/umsb.fd
"
File: umsb.fd 2013/01/14 v3.01 AMS symbols B
)
("/Users/rebeccakurtz-garcia/Library/Application Support/MiKTeX/texmfs/install/
tex/latex/microtype/mt-msb.cfg"
File: mt-msb.cfg 2005/06/01 v1.0 microtype config. file: AMS symbols (b) (RS)
) [1


]
LaTeX Font Info:    Font shape `TU/Arial(0)/m/sl' in size <10> not available
(Font)              Font shape `TU/Arial(0)/m/it' tried instead on input line 1
25.
LaTeX Font Info:    Font shape `TU/Arial(0)/m/it' will be
(Font)              scaled to size 10.0pt on input line 125.
[2

]
LaTeX Font Info:    Font shape `TU/Arial(0)/m/n' will be
(Font)              scaled to size 24.88pt on input line 125.
LaTeX Font Info:    Font shape `TU/Arial(0)/b/n' will be
(Font)              scaled to size 24.88pt on input line 125.
(_main.toc
LaTeX Font Info:    Font shape `TU/Arial(0)/b/n' will be
(Font)              scaled to size 10.0pt on input line 1.
LaTeX Font Info:    Font shape `TU/latinmodern-math.otf(1)/m/n' will be
(Font)              scaled to size 8.42198pt on input line 3.
LaTeX Font Info:    Font shape `TU/latinmodern-math.otf(1)/m/n' will be
(Font)              scaled to size 6.0157pt on input line 3.
LaTeX Font Info:    Font shape `TU/latinmodern-math.otf(2)/m/n' will be
(Font)              scaled to size 12.03262pt on input line 3.
LaTeX Font Info:    Font shape `TU/latinmodern-math.otf(2)/m/n' will be
(Font)              scaled to size 8.42284pt on input line 3.
LaTeX Font Info:    Font shape `TU/latinmodern-math.otf(2)/m/n' will be
(Font)              scaled to size 6.01631pt on input line 3.
LaTeX Font Info:    Font shape `TU/latinmodern-math.otf(3)/m/n' will be
(Font)              scaled to size 12.03018pt on input line 3.
LaTeX Font Info:    Font shape `TU/latinmodern-math.otf(3)/m/n' will be
(Font)              scaled to size 8.42113pt on input line 3.
LaTeX Font Info:    Font shape `TU/latinmodern-math.otf(3)/m/n' will be
(Font)              scaled to size 6.01509pt on input line 3.
[3])
\tf@toc=\write4
\openout4 = `_main.toc'.

[4] [5

] [6

]
Chapter 1.
LaTeX Font Info:    Font shape `TU/Arial(0)/m/n' will be
(Font)              scaled to size 20.74pt on input line 134.
LaTeX Font Info:    Font shape `TU/Arial(0)/b/n' will be
(Font)              scaled to size 20.74pt on input line 134.
LaTeX Font Info:    Font shape `TU/Arial(0)/m/n' will be
(Font)              scaled to size 14.4pt on input line 143.
LaTeX Font Info:    Font shape `TU/Arial(0)/b/n' will be
(Font)              scaled to size 14.4pt on input line 143.
[7] [8]
LaTeX Font Info:    Font shape `TU/Arial(0)/b/n' will be
(Font)              scaled to size 12.0pt on input line 187.
LaTeX Font Info:    Font shape `TU/CourierNew(0)/m/n' will be
(Font)              scaled to size 12.26318pt on input line 193.
LaTeX Font Info:    Font shape `TU/CourierNew(0)/b/n' will be
(Font)              scaled to size 11.69601pt on input line 194.
LaTeX Font Info:    Font shape `TU/Arial(0)/b/sl' in size <10> not available
(Font)              Font shape `TU/Arial(0)/b/it' tried instead on input line 2
36.
LaTeX Font Info:    Font shape `TU/Arial(0)/b/it' will be
(Font)              scaled to size 10.0pt on input line 236.
[9] [10]
Overfull \hbox (106.35902pt too wide) in paragraph at lines 331--331
[]\TU/CourierNew(0)/m/n/10 ##                      mpg cyl  disp  hp drat    wt
  qsec vs am gear carb[] 
 []


Overfull \hbox (118.62422pt too wide) in paragraph at lines 331--331
[]\TU/CourierNew(0)/m/n/10 ## Mazda RX4           21.0   6 160.0 110 3.90 2.620
 16.46  0  1    4    4[] 
 []


Overfull \hbox (125.9833pt too wide) in paragraph at lines 331--331
[]\TU/CourierNew(0)/m/n/10 ## Mazda RX4 Wag       21.0   6 160.0 110 3.90 2.875
 17.02  0  1    4    4[] 
 []


Overfull \hbox (118.6242pt too wide) in paragraph at lines 331--331
[]\TU/CourierNew(0)/m/n/10 ## Datsun 710          22.8   4 108.0  93 3.85 2.320
 18.61  1  1    4    1[] 
 []


Overfull \hbox (128.43633pt too wide) in paragraph at lines 331--331
[]\TU/CourierNew(0)/m/n/10 ## Hornet 4 Drive      21.4   6 258.0 110 3.08 3.215
 19.44  1  0    3    1[] 
 []


Overfull \hbox (138.24841pt too wide) in paragraph at lines 331--331
[]\TU/CourierNew(0)/m/n/10 ## Hornet Sportabout   18.7   8 360.0 175 3.15 3.440
 17.02  0  0    3    2[] 
 []


Overfull \hbox (116.17119pt too wide) in paragraph at lines 331--331
[]\TU/CourierNew(0)/m/n/10 ## Valiant             18.1   6 225.0 105 2.76 3.460
 20.22  1  0    3    1[] 
 []


Overfull \hbox (121.07724pt too wide) in paragraph at lines 331--331
[]\TU/CourierNew(0)/m/n/10 ## Duster 360          14.3   8 360.0 245 3.21 3.570
 15.84  0  0    3    4[] 
 []


Overfull \hbox (116.17117pt too wide) in paragraph at lines 331--331
[]\TU/CourierNew(0)/m/n/10 ## Merc 240D           24.4   4 146.7  62 3.69 3.190
 20.00  1  0    4    2[] 
 []


Overfull \hbox (113.71815pt too wide) in paragraph at lines 331--331
[]\TU/CourierNew(0)/m/n/10 ## Merc 230            22.8   4 140.8  95 3.92 3.150
 22.90  1  0    4    2[] 
 []


Overfull \hbox (116.17119pt too wide) in paragraph at lines 331--331
[]\TU/CourierNew(0)/m/n/10 ## Merc 280            19.2   6 167.6 123 3.92 3.440
 18.30  1  0    4    4[] 
 []


Overfull \hbox (118.6242pt too wide) in paragraph at lines 331--331
[]\TU/CourierNew(0)/m/n/10 ## Merc 280C           17.8   6 167.6 123 3.92 3.440
 18.90  1  0    4    4[] 
 []


Overfull \hbox (121.07724pt too wide) in paragraph at lines 331--331
[]\TU/CourierNew(0)/m/n/10 ## Merc 450SE          16.4   8 275.8 180 3.07 4.070
 17.40  0  0    3    3[] 
 []


Overfull \hbox (121.07724pt too wide) in paragraph at lines 331--331
[]\TU/CourierNew(0)/m/n/10 ## Merc 450SL          17.3   8 275.8 180 3.07 3.730
 17.60  0  0    3    3[] 
 []


Overfull \hbox (123.53026pt too wide) in paragraph at lines 331--331
[]\TU/CourierNew(0)/m/n/10 ## Merc 450SLC         15.2   8 275.8 180 3.07 3.780
 18.00  0  0    3    3[] 
 []


Overfull \hbox (140.70145pt too wide) in paragraph at lines 331--331
[]\TU/CourierNew(0)/m/n/10 ## Cadillac Fleetwood  10.4   8 472.0 205 2.93 5.250
 17.98  0  0    3    4[] 
 []


Overfull \hbox (143.15448pt too wide) in paragraph at lines 331--331
[]\TU/CourierNew(0)/m/n/10 ## Lincoln Continental 10.4   8 460.0 215 3.00 5.424
 17.82  0  0    3    4[] 
 []


Overfull \hbox (138.24841pt too wide) in paragraph at lines 331--331
[]\TU/CourierNew(0)/m/n/10 ## Chrysler Imperial   14.7   8 440.0 230 3.23 5.345
 17.42  0  0    3    4[] 
 []


Overfull \hbox (111.26512pt too wide) in paragraph at lines 331--331
[]\TU/CourierNew(0)/m/n/10 ## Fiat 128            32.4   4  78.7  66 4.08 2.200
 19.47  1  1    4    1[] 
 []


Overfull \hbox (118.6242pt too wide) in paragraph at lines 331--331
[]\TU/CourierNew(0)/m/n/10 ## Honda Civic         30.4   4  75.7  52 4.93 1.615
 18.52  1  1    4    2[] 
 []


Overfull \hbox (125.98328pt too wide) in paragraph at lines 331--331
[]\TU/CourierNew(0)/m/n/10 ## Toyota Corolla      33.9   4  71.1  65 4.22 1.835
 19.90  1  1    4    1[] 
 []


Overfull \hbox (125.98328pt too wide) in paragraph at lines 331--331
[]\TU/CourierNew(0)/m/n/10 ## Toyota Corona       21.5   4 120.1  97 3.70 2.465
 20.01  1  0    3    1[] 
 []


Overfull \hbox (135.7954pt too wide) in paragraph at lines 331--331
[]\TU/CourierNew(0)/m/n/10 ## Dodge Challenger    15.5   8 318.0 150 2.76 3.520
 16.87  0  0    3    2[] 
 []


Overfull \hbox (123.53027pt too wide) in paragraph at lines 331--331
[]\TU/CourierNew(0)/m/n/10 ## AMC Javelin         15.2   8 304.0 150 3.15 3.435
 17.30  0  0    3    2[] 
 []


Overfull \hbox (121.07724pt too wide) in paragraph at lines 331--331
[]\TU/CourierNew(0)/m/n/10 ## Camaro Z28          13.3   8 350.0 245 3.73 3.840
 15.41  0  0    3    4[] 
 []


Overfull \hbox (135.7954pt too wide) in paragraph at lines 331--331
[]\TU/CourierNew(0)/m/n/10 ## Pontiac Firebird    19.2   8 400.0 175 3.08 3.845
 17.05  0  0    3    2[] 
 []


Overfull \hbox (113.71814pt too wide) in paragraph at lines 331--331
[]\TU/CourierNew(0)/m/n/10 ## Fiat X1-9           27.3   4  79.0  66 4.08 1.935
 18.90  1  1    4    1[] 
 []


Overfull \hbox (125.98329pt too wide) in paragraph at lines 331--331
[]\TU/CourierNew(0)/m/n/10 ## Porsche 914-2       26.0   4 120.3  91 4.43 2.140
 16.70  0  1    5    2[] 
 []


Overfull \hbox (123.53026pt too wide) in paragraph at lines 331--331
[]\TU/CourierNew(0)/m/n/10 ## Lotus Europa        30.4   4  95.1 113 3.77 1.513
 16.90  1  1    5    2[] 
 []


Overfull \hbox (128.43633pt too wide) in paragraph at lines 331--331
[]\TU/CourierNew(0)/m/n/10 ## Ford Pantera L      15.8   8 351.0 264 4.22 3.170
 14.50  0  1    5    4[] 
 []


Overfull \hbox (125.98329pt too wide) in paragraph at lines 331--331
[]\TU/CourierNew(0)/m/n/10 ## Ferrari Dino        19.7   6 145.0 175 3.62 2.770
 15.50  0  1    5    6[] 
 []


Overfull \hbox (128.43631pt too wide) in paragraph at lines 331--331
[]\TU/CourierNew(0)/m/n/10 ## Maserati Bora       15.0   8 301.0 335 3.54 3.570
 14.60  0  1    5    8[] 
 []


Overfull \hbox (121.07724pt too wide) in paragraph at lines 331--331
[]\TU/CourierNew(0)/m/n/10 ## Volvo 142E          21.4   4 121.0 109 4.11 2.780
 18.60  1  1    4    2[] 
 []


Underfull \vbox (badness 10000) has occurred while \output is active []

[11]
LaTeX Font Info:    Font shape `TU/CourierNew(0)/m/it' will be
(Font)              scaled to size 12.26318pt on input line 342.
[12] [13]
Overfull \hbox (184.85597pt too wide) in paragraph at lines 533--533
[]\TU/CourierNew(0)/m/n/10 ## Warning in v > w: longer object length is not a m
ultiple of shorter object[] 
 []

[14] [15] [16]
Chapter 2.
[17

] [18] [19] [20]
Overfull \hbox (184.85597pt too wide) in paragraph at lines 1027--1027
[]\TU/CourierNew(0)/m/n/10 ## Warning in a + b: longer object length is not a m
ultiple of shorter object[] 
 []


Overfull \hbox (184.85597pt too wide) in paragraph at lines 1042--1042
[]\TU/CourierNew(0)/m/n/10 ## Warning in a < b: longer object length is not a m
ultiple of shorter object[] 
 []

[21] [22] [23]
Underfull \vbox (badness 3386) has occurred while \output is active []

[24] [25]
File: images/Vector_chart.png Graphic file (type bmp)
<images/Vector_chart.png>

Underfull \vbox (badness 10000) has occurred while \output is active []

[26] [27] [28

]
Chapter 3.

Overfull \hbox (18.04951pt too wide) in paragraph at lines 1429--1429
[]\TU/CourierNew(0)/m/n/10 ## [1] Blonde Black  Black  Red    Blonde Brown  Bla
ck[] 
 []


Underfull \vbox (badness 3068) has occurred while \output is active []

[29] [30]
Underfull \vbox (badness 1205) has occurred while \output is active []

[31]
Underfull \vbox (badness 1997) has occurred while \output is active []

[32] [33] [34] [35]
Overfull \hbox (15.59642pt too wide) in paragraph at lines 1853--1853
[]\TU/CourierNew(0)/m/n/10 ## [1] "numeric"   "character" "numeric"   "logical"
[] 
 []

[36] [37] [38] [39] [40]
Chapter 4.
[41

] [42] [43] [44] [45]

LaTeX Warning: Reference `functions' on page 46 undefined on input line 2441.


Underfull \vbox (badness 6691) has occurred while \output is active []

[46]
Underfull \hbox (badness 1122) in paragraph at lines 2475--2477
[]\TU/Arial(0)/m/n/10 To see the dimensions of a 2-dimensional object we use \T
U/CourierNew(0)/m/n/10 dim()\TU/Arial(0)/m/n/10 ,
 []

[47] [48

]
Chapter 5.
[49]
Underfull \hbox (badness 10000) in paragraph at lines 2515--2517

 []


Underfull \vbox (badness 1043) has occurred while \output is active []

[50] [51] [52] [53] [54]
Overfull \hbox (94.09354pt too wide) in paragraph at lines 2898--2898
[]\TU/CourierNew(0)/m/n/10 ##   Sepal.Length Sepal.Width Petal.Length Petal.Wid
th Species[] 
 []


Overfull \hbox (10.69067pt too wide) in paragraph at lines 2898--2898
[]\TU/CourierNew(0)/m/n/10 ## 1          5.1         3.5          1.4         0
.2  setosa[] 
 []


Overfull \hbox (10.69067pt too wide) in paragraph at lines 2898--2898
[]\TU/CourierNew(0)/m/n/10 ## 2          4.9         3.0          1.4         0
.2  setosa[] 
 []


Overfull \hbox (10.69067pt too wide) in paragraph at lines 2898--2898
[]\TU/CourierNew(0)/m/n/10 ## 3          4.7         3.2          1.3         0
.2  setosa[] 
 []


Overfull \hbox (10.69067pt too wide) in paragraph at lines 2898--2898
[]\TU/CourierNew(0)/m/n/10 ## 4          4.6         3.1          1.5         0
.2  setosa[] 
 []


Overfull \hbox (10.69067pt too wide) in paragraph at lines 2898--2898
[]\TU/CourierNew(0)/m/n/10 ## 5          5.0         3.6          1.4         0
.2  setosa[] 
 []


Overfull \hbox (10.69067pt too wide) in paragraph at lines 2898--2898
[]\TU/CourierNew(0)/m/n/10 ## 6          5.4         3.9          1.7         0
.4  setosa[] 
 []


Overfull \hbox (118.62395pt too wide) in paragraph at lines 2909--2909
[]\TU/CourierNew(0)/m/n/10 ## Sepal.Length  Sepal.Width Petal.Length  Petal.Wid
th      Species[] 
 []


Overfull \hbox (96.54672pt too wide) in paragraph at lines 2909--2909
[]\TU/CourierNew(0)/m/n/10 ##    "numeric"    "numeric"    "numeric"    "numeri
c"     "factor"[] 
 []


Overfull \hbox (86.73451pt too wide) in paragraph at lines 2932--2932
[]\TU/CourierNew(0)/m/n/10 ##   Sepal.Length    Sepal.Width     Petal.Length   
 Petal.Width[] 
 []


Overfull \hbox (76.92242pt too wide) in paragraph at lines 2932--2932
[]\TU/CourierNew(0)/m/n/10 ##  Min.   :4.300   Min.   :2.000   Min.   :1.000   
Min.   :0.100[] 
 []


Overfull \hbox (96.54669pt too wide) in paragraph at lines 2932--2932
[]\TU/CourierNew(0)/m/n/10 ##  1st Qu.:5.100   1st Qu.:2.800   1st Qu.:1.600   
1st Qu.:0.300[] 
 []


Overfull \hbox (96.54663pt too wide) in paragraph at lines 2932--2932
[]\TU/CourierNew(0)/m/n/10 ##  Median :5.800   Median :3.000   Median :4.350   
Median :1.300[] 
 []


Overfull \hbox (76.92242pt too wide) in paragraph at lines 2932--2932
[]\TU/CourierNew(0)/m/n/10 ##  Mean   :5.843   Mean   :3.057   Mean   :3.758   
Mean   :1.199[] 
 []


Overfull \hbox (96.54669pt too wide) in paragraph at lines 2932--2932
[]\TU/CourierNew(0)/m/n/10 ##  3rd Qu.:6.400   3rd Qu.:3.300   3rd Qu.:5.100   
3rd Qu.:1.800[] 
 []


Overfull \hbox (76.92242pt too wide) in paragraph at lines 2932--2932
[]\TU/CourierNew(0)/m/n/10 ##  Max.   :7.900   Max.   :4.400   Max.   :6.900   
Max.   :2.500[] 
 []

[55]
Overfull \hbox (192.21524pt too wide) in paragraph at lines 2952--2952
[]\TU/CourierNew(0)/m/n/10 ##   [1] 5.1 4.9 4.7 4.6 5.0 5.4 4.6 5.0 4.4 4.9 5.4
 4.8 4.8 4.3 5.8 5.7 5.4 5.1[] 
 []


Overfull \hbox (194.66826pt too wide) in paragraph at lines 2952--2952
[]\TU/CourierNew(0)/m/n/10 ##  [19] 5.7 5.1 5.4 5.1 4.6 5.1 4.8 5.0 5.0 5.2 5.2
 4.7 4.8 5.4 5.2 5.5 4.9 5.0[] 
 []


Overfull \hbox (194.66826pt too wide) in paragraph at lines 2952--2952
[]\TU/CourierNew(0)/m/n/10 ##  [37] 5.5 4.9 4.4 5.1 5.0 4.5 4.4 5.0 5.1 4.8 5.1
 4.6 5.3 5.0 7.0 6.4 6.9 5.5[] 
 []


Overfull \hbox (194.66826pt too wide) in paragraph at lines 2952--2952
[]\TU/CourierNew(0)/m/n/10 ##  [55] 6.5 5.7 6.3 4.9 6.6 5.2 5.0 5.9 6.0 6.1 5.6
 6.7 5.6 5.8 6.2 5.6 5.9 6.1[] 
 []


Overfull \hbox (194.66826pt too wide) in paragraph at lines 2952--2952
[]\TU/CourierNew(0)/m/n/10 ##  [73] 6.3 6.1 6.4 6.6 6.8 6.7 6.0 5.7 5.5 5.5 5.8
 6.0 5.4 6.0 6.7 6.3 5.6 5.5[] 
 []


Overfull \hbox (194.66826pt too wide) in paragraph at lines 2952--2952
[]\TU/CourierNew(0)/m/n/10 ##  [91] 5.5 6.1 5.8 5.0 5.6 5.7 5.7 6.2 5.1 5.7 6.3
 5.8 7.1 6.3 6.5 7.6 4.9 7.3[] 
 []


Overfull \hbox (197.12129pt too wide) in paragraph at lines 2952--2952
[]\TU/CourierNew(0)/m/n/10 ## [109] 6.7 7.2 6.5 6.4 6.8 5.7 5.8 6.4 6.5 7.7 7.7
 6.0 6.9 5.6 7.7 6.3 6.7 7.2[] 
 []


Overfull \hbox (197.12129pt too wide) in paragraph at lines 2952--2952
[]\TU/CourierNew(0)/m/n/10 ## [127] 6.2 6.1 6.4 7.2 7.4 7.9 6.4 6.3 6.1 7.7 6.3
 6.4 6.0 6.9 6.7 6.9 5.8 6.8[] 
 []


Overfull \hbox (192.21524pt too wide) in paragraph at lines 2972--2972
[]\TU/CourierNew(0)/m/n/10 ##   [1] 5.1 4.9 4.7 4.6 5.0 5.4 4.6 5.0 4.4 4.9 5.4
 4.8 4.8 4.3 5.8 5.7 5.4 5.1[] 
 []


Overfull \hbox (194.66826pt too wide) in paragraph at lines 2972--2972
[]\TU/CourierNew(0)/m/n/10 ##  [19] 5.7 5.1 5.4 5.1 4.6 5.1 4.8 5.0 5.0 5.2 5.2
 4.7 4.8 5.4 5.2 5.5 4.9 5.0[] 
 []


Overfull \hbox (194.66826pt too wide) in paragraph at lines 2972--2972
[]\TU/CourierNew(0)/m/n/10 ##  [37] 5.5 4.9 4.4 5.1 5.0 4.5 4.4 5.0 5.1 4.8 5.1
 4.6 5.3 5.0 7.0 6.4 6.9 5.5[] 
 []


Overfull \hbox (194.66826pt too wide) in paragraph at lines 2972--2972
[]\TU/CourierNew(0)/m/n/10 ##  [55] 6.5 5.7 6.3 4.9 6.6 5.2 5.0 5.9 6.0 6.1 5.6
 6.7 5.6 5.8 6.2 5.6 5.9 6.1[] 
 []


Overfull \hbox (194.66826pt too wide) in paragraph at lines 2972--2972
[]\TU/CourierNew(0)/m/n/10 ##  [73] 6.3 6.1 6.4 6.6 6.8 6.7 6.0 5.7 5.5 5.5 5.8
 6.0 5.4 6.0 6.7 6.3 5.6 5.5[] 
 []


Overfull \hbox (194.66826pt too wide) in paragraph at lines 2972--2972
[]\TU/CourierNew(0)/m/n/10 ##  [91] 5.5 6.1 5.8 5.0 5.6 5.7 5.7 6.2 5.1 5.7 6.3
 5.8 7.1 6.3 6.5 7.6 4.9 7.3[] 
 []


Overfull \hbox (197.12129pt too wide) in paragraph at lines 2972--2972
[]\TU/CourierNew(0)/m/n/10 ## [109] 6.7 7.2 6.5 6.4 6.8 5.7 5.8 6.4 6.5 7.7 7.7
 6.0 6.9 5.6 7.7 6.3 6.7 7.2[] 
 []


Overfull \hbox (197.12129pt too wide) in paragraph at lines 2972--2972
[]\TU/CourierNew(0)/m/n/10 ## [127] 6.2 6.1 6.4 7.2 7.4 7.9 6.4 6.3 6.1 7.7 6.3
 6.4 6.0 6.9 6.7 6.9 5.8 6.8[] 
 []


Overfull \hbox (192.21524pt too wide) in paragraph at lines 2996--2996
[]\TU/CourierNew(0)/m/n/10 ##   [1] 5.1 4.9 4.7 4.6 5.0 5.4 4.6 5.0 4.4 4.9 5.4
 4.8 4.8 4.3 5.8 5.7 5.4 5.1[] 
 []


Overfull \hbox (194.66826pt too wide) in paragraph at lines 2996--2996
[]\TU/CourierNew(0)/m/n/10 ##  [19] 5.7 5.1 5.4 5.1 4.6 5.1 4.8 5.0 5.0 5.2 5.2
 4.7 4.8 5.4 5.2 5.5 4.9 5.0[] 
 []


Overfull \hbox (194.66826pt too wide) in paragraph at lines 2996--2996
[]\TU/CourierNew(0)/m/n/10 ##  [37] 5.5 4.9 4.4 5.1 5.0 4.5 4.4 5.0 5.1 4.8 5.1
 4.6 5.3 5.0 7.0 6.4 6.9 5.5[] 
 []

[56]
Overfull \hbox (194.66826pt too wide) in paragraph at lines 2996--2996
[]\TU/CourierNew(0)/m/n/10 ##  [55] 6.5 5.7 6.3 4.9 6.6 5.2 5.0 5.9 6.0 6.1 5.6
 6.7 5.6 5.8 6.2 5.6 5.9 6.1[] 
 []


Overfull \hbox (194.66826pt too wide) in paragraph at lines 2996--2996
[]\TU/CourierNew(0)/m/n/10 ##  [73] 6.3 6.1 6.4 6.6 6.8 6.7 6.0 5.7 5.5 5.5 5.8
 6.0 5.4 6.0 6.7 6.3 5.6 5.5[] 
 []


Overfull \hbox (194.66826pt too wide) in paragraph at lines 2996--2996
[]\TU/CourierNew(0)/m/n/10 ##  [91] 5.5 6.1 5.8 5.0 5.6 5.7 5.7 6.2 5.1 5.7 6.3
 5.8 7.1 6.3 6.5 7.6 4.9 7.3[] 
 []


Overfull \hbox (197.12129pt too wide) in paragraph at lines 2996--2996
[]\TU/CourierNew(0)/m/n/10 ## [109] 6.7 7.2 6.5 6.4 6.8 5.7 5.8 6.4 6.5 7.7 7.7
 6.0 6.9 5.6 7.7 6.3 6.7 7.2[] 
 []


Overfull \hbox (197.12129pt too wide) in paragraph at lines 2996--2996
[]\TU/CourierNew(0)/m/n/10 ## [127] 6.2 6.1 6.4 7.2 7.4 7.9 6.4 6.3 6.1 7.7 6.3
 6.4 6.0 6.9 6.7 6.9 5.8 6.8[] 
 []

[57]
Overfull \hbox (108.81186pt too wide) in paragraph at lines 3051--3051
[]\TU/CourierNew(0)/m/n/10 ##  [1] "Big" "Big" "Big" "Big" "Big" "Big" "39"  "B
ig" "Big" "15"[] 
 []

[58] [59]
Overfull \hbox (30.31485pt too wide) in paragraph at lines 3221--3221
[]\TU/CourierNew(0)/m/n/10 ##  [1]   62   62   62   55   72   54   39   83   88
   15 1000[] 
 []


Overfull \hbox (177.49678pt too wide) in paragraph at lines 3243--3243
[]\TU/CourierNew(0)/m/n/10 ##    Sepal.Length Sepal.Width Petal.Length Petal.Wi
dth Species new_column[] 
 []


Overfull \hbox (81.8288pt too wide) in paragraph at lines 3243--3243
[]\TU/CourierNew(0)/m/n/10 ## 1           5.1         3.5          1.4         
0.2  setosa      Hello[] 
 []


Overfull \hbox (81.8288pt too wide) in paragraph at lines 3243--3243
[]\TU/CourierNew(0)/m/n/10 ## 2           4.9         3.0          1.4         
0.2  setosa      Hello[] 
 []


Overfull \hbox (81.8288pt too wide) in paragraph at lines 3243--3243
[]\TU/CourierNew(0)/m/n/10 ## 3           4.7         3.2          1.3         
0.2  setosa      Hello[] 
 []


Overfull \hbox (81.8288pt too wide) in paragraph at lines 3243--3243
[]\TU/CourierNew(0)/m/n/10 ## 4           4.6         3.1          1.5         
0.2  setosa      Hello[] 
 []


Overfull \hbox (81.8288pt too wide) in paragraph at lines 3243--3243
[]\TU/CourierNew(0)/m/n/10 ## 5           5.0         3.6          1.4         
0.2  setosa      Hello[] 
 []


Overfull \hbox (81.8288pt too wide) in paragraph at lines 3243--3243
[]\TU/CourierNew(0)/m/n/10 ## 6           5.4         3.9          1.7         
0.4  setosa      Hello[] 
 []


Overfull \hbox (81.8288pt too wide) in paragraph at lines 3243--3243
[]\TU/CourierNew(0)/m/n/10 ## 7           4.6         3.4          1.4         
0.3  setosa      Hello[] 
 []


Overfull \hbox (81.8288pt too wide) in paragraph at lines 3243--3243
[]\TU/CourierNew(0)/m/n/10 ## 8           5.0         3.4          1.5         
0.2  setosa      Hello[] 
 []


Overfull \hbox (81.8288pt too wide) in paragraph at lines 3243--3243
[]\TU/CourierNew(0)/m/n/10 ## 9           4.4         2.9          1.4         
0.2  setosa      Hello[] 
 []


Overfull \hbox (84.28181pt too wide) in paragraph at lines 3243--3243
[]\TU/CourierNew(0)/m/n/10 ## 10          4.9         3.1          1.5         
0.1  setosa      Hello[] 
 []

[60]
Overfull \hbox (216.7454pt too wide) in paragraph at lines 3265--3265
[]\TU/CourierNew(0)/m/n/10 ##    Sepal.Length Sepal.Width Petal.Length Petal.Wi
dth Species new_column     V7[] 
 []


Overfull \hbox (130.88953pt too wide) in paragraph at lines 3265--3265
[]\TU/CourierNew(0)/m/n/10 ## 1           5.1         3.5          1.4         
0.2  setosa      Hello Goodby[] 
 []


Overfull \hbox (130.88953pt too wide) in paragraph at lines 3265--3265
[]\TU/CourierNew(0)/m/n/10 ## 2           4.9         3.0          1.4         
0.2  setosa      Hello Goodby[] 
 []


Overfull \hbox (130.88953pt too wide) in paragraph at lines 3265--3265
[]\TU/CourierNew(0)/m/n/10 ## 3           4.7         3.2          1.3         
0.2  setosa      Hello Goodby[] 
 []


Overfull \hbox (130.88953pt too wide) in paragraph at lines 3265--3265
[]\TU/CourierNew(0)/m/n/10 ## 4           4.6         3.1          1.5         
0.2  setosa      Hello Goodby[] 
 []


Overfull \hbox (130.88953pt too wide) in paragraph at lines 3265--3265
[]\TU/CourierNew(0)/m/n/10 ## 5           5.0         3.6          1.4         
0.2  setosa      Hello Goodby[] 
 []


Overfull \hbox (130.88953pt too wide) in paragraph at lines 3265--3265
[]\TU/CourierNew(0)/m/n/10 ## 6           5.4         3.9          1.7         
0.4  setosa      Hello Goodby[] 
 []


Overfull \hbox (130.88953pt too wide) in paragraph at lines 3265--3265
[]\TU/CourierNew(0)/m/n/10 ## 7           4.6         3.4          1.4         
0.3  setosa      Hello Goodby[] 
 []


Overfull \hbox (130.88953pt too wide) in paragraph at lines 3265--3265
[]\TU/CourierNew(0)/m/n/10 ## 8           5.0         3.4          1.5         
0.2  setosa      Hello Goodby[] 
 []


Overfull \hbox (130.88953pt too wide) in paragraph at lines 3265--3265
[]\TU/CourierNew(0)/m/n/10 ## 9           4.4         2.9          1.4         
0.2  setosa      Hello Goodby[] 
 []


Overfull \hbox (133.34254pt too wide) in paragraph at lines 3265--3265
[]\TU/CourierNew(0)/m/n/10 ## 10          4.9         3.1          1.5         
0.1  setosa      Hello Goodby[] 
 []


Overfull \hbox (30.31485pt too wide) in paragraph at lines 3281--3281
[]\TU/CourierNew(0)/m/n/10 ##  [1]   62   62   62   55   72   54   39   83   88
   15 1000[] 
 []


Overfull \hbox (0.87839pt too wide) in paragraph at lines 3295--3295
[]\TU/CourierNew(0)/m/n/10 ##  [1]   62   62   55   72   54   39   83   88   15
 1000[] 
 []


Overfull \hbox (138.24825pt too wide) in paragraph at lines 3319--3319
[]\TU/CourierNew(0)/m/n/10 ##    Sepal.Length Sepal.Width Petal.Length Petal.Wi
dth Species     V7[] 
 []


Overfull \hbox (64.65749pt too wide) in paragraph at lines 3319--3319
[]\TU/CourierNew(0)/m/n/10 ## 1           5.1         3.5          1.4         
0.2  setosa Goodby[] 
 []


Overfull \hbox (64.65749pt too wide) in paragraph at lines 3319--3319
[]\TU/CourierNew(0)/m/n/10 ## 2           4.9         3.0          1.4         
0.2  setosa Goodby[] 
 []


Overfull \hbox (64.65749pt too wide) in paragraph at lines 3319--3319
[]\TU/CourierNew(0)/m/n/10 ## 3           4.7         3.2          1.3         
0.2  setosa Goodby[] 
 []


Overfull \hbox (64.65749pt too wide) in paragraph at lines 3319--3319
[]\TU/CourierNew(0)/m/n/10 ## 4           4.6         3.1          1.5         
0.2  setosa Goodby[] 
 []


Overfull \hbox (64.65749pt too wide) in paragraph at lines 3319--3319
[]\TU/CourierNew(0)/m/n/10 ## 5           5.0         3.6          1.4         
0.2  setosa Goodby[] 
 []


Overfull \hbox (64.65749pt too wide) in paragraph at lines 3319--3319
[]\TU/CourierNew(0)/m/n/10 ## 6           5.4         3.9          1.7         
0.4  setosa Goodby[] 
 []

[61]
Overfull \hbox (64.65749pt too wide) in paragraph at lines 3319--3319
[]\TU/CourierNew(0)/m/n/10 ## 7           4.6         3.4          1.4         
0.3  setosa Goodby[] 
 []


Overfull \hbox (64.65749pt too wide) in paragraph at lines 3319--3319
[]\TU/CourierNew(0)/m/n/10 ## 8           5.0         3.4          1.5         
0.2  setosa Goodby[] 
 []


Overfull \hbox (64.65749pt too wide) in paragraph at lines 3319--3319
[]\TU/CourierNew(0)/m/n/10 ## 9           4.4         2.9          1.4         
0.2  setosa Goodby[] 
 []


Overfull \hbox (67.1105pt too wide) in paragraph at lines 3319--3319
[]\TU/CourierNew(0)/m/n/10 ## 10          4.9         3.1          1.5         
0.1  setosa Goodby[] 
 []


Overfull \hbox (98.99962pt too wide) in paragraph at lines 3341--3341
[]\TU/CourierNew(0)/m/n/10 ##    Sepal.Length Sepal.Width Petal.Length Petal.Wi
dth Species[] 
 []


Overfull \hbox (15.59676pt too wide) in paragraph at lines 3341--3341
[]\TU/CourierNew(0)/m/n/10 ## 1           5.1         3.5          1.4         
0.2  setosa[] 
 []


Overfull \hbox (15.59676pt too wide) in paragraph at lines 3341--3341
[]\TU/CourierNew(0)/m/n/10 ## 2           4.9         3.0          1.4         
0.2  setosa[] 
 []


Overfull \hbox (15.59676pt too wide) in paragraph at lines 3341--3341
[]\TU/CourierNew(0)/m/n/10 ## 3           4.7         3.2          1.3         
0.2  setosa[] 
 []


Overfull \hbox (15.59676pt too wide) in paragraph at lines 3341--3341
[]\TU/CourierNew(0)/m/n/10 ## 4           4.6         3.1          1.5         
0.2  setosa[] 
 []


Overfull \hbox (15.59676pt too wide) in paragraph at lines 3341--3341
[]\TU/CourierNew(0)/m/n/10 ## 5           5.0         3.6          1.4         
0.2  setosa[] 
 []


Overfull \hbox (15.59676pt too wide) in paragraph at lines 3341--3341
[]\TU/CourierNew(0)/m/n/10 ## 6           5.4         3.9          1.7         
0.4  setosa[] 
 []


Overfull \hbox (15.59676pt too wide) in paragraph at lines 3341--3341
[]\TU/CourierNew(0)/m/n/10 ## 7           4.6         3.4          1.4         
0.3  setosa[] 
 []


Overfull \hbox (15.59676pt too wide) in paragraph at lines 3341--3341
[]\TU/CourierNew(0)/m/n/10 ## 8           5.0         3.4          1.5         
0.2  setosa[] 
 []


Overfull \hbox (15.59676pt too wide) in paragraph at lines 3341--3341
[]\TU/CourierNew(0)/m/n/10 ## 9           4.4         2.9          1.4         
0.2  setosa[] 
 []


Overfull \hbox (18.04977pt too wide) in paragraph at lines 3341--3341
[]\TU/CourierNew(0)/m/n/10 ## 10          4.9         3.1          1.5         
0.1  setosa[] 
 []

[62]
Overfull \hbox (98.99962pt too wide) in paragraph at lines 3435--3435
[]\TU/CourierNew(0)/m/n/10 ##    Sepal.Length Sepal.Width Petal.Length Petal.Wi
dth Species[] 
 []


Overfull \hbox (15.59676pt too wide) in paragraph at lines 3435--3435
[]\TU/CourierNew(0)/m/n/10 ## 1           5.1         3.5          1.4         
0.2  setosa[] 
 []


Overfull \hbox (15.59676pt too wide) in paragraph at lines 3435--3435
[]\TU/CourierNew(0)/m/n/10 ## 2           4.9         3.0          1.4         
0.2  setosa[] 
 []


Overfull \hbox (15.59676pt too wide) in paragraph at lines 3435--3435
[]\TU/CourierNew(0)/m/n/10 ## 3           4.7         3.2          1.3         
0.2  setosa[] 
 []


Overfull \hbox (15.59676pt too wide) in paragraph at lines 3435--3435
[]\TU/CourierNew(0)/m/n/10 ## 4           4.6         3.1          1.5         
0.2  setosa[] 
 []


Overfull \hbox (15.59676pt too wide) in paragraph at lines 3435--3435
[]\TU/CourierNew(0)/m/n/10 ## 5           5.0         3.6          1.4         
0.2  setosa[] 
 []


Overfull \hbox (15.59676pt too wide) in paragraph at lines 3435--3435
[]\TU/CourierNew(0)/m/n/10 ## 6           5.4         3.9          1.7         
0.4  setosa[] 
 []


Overfull \hbox (15.59676pt too wide) in paragraph at lines 3435--3435
[]\TU/CourierNew(0)/m/n/10 ## 7           4.6         3.4          1.4         
0.3  setosa[] 
 []


Overfull \hbox (15.59676pt too wide) in paragraph at lines 3435--3435
[]\TU/CourierNew(0)/m/n/10 ## 8           5.0         3.4          1.5         
0.2  setosa[] 
 []


Overfull \hbox (15.59676pt too wide) in paragraph at lines 3435--3435
[]\TU/CourierNew(0)/m/n/10 ## 9           4.4         2.9          1.4         
0.2  setosa[] 
 []


Overfull \hbox (18.04977pt too wide) in paragraph at lines 3435--3435
[]\TU/CourierNew(0)/m/n/10 ## 10          4.9         3.1          1.5         
0.1  setosa[] 
 []


Overfull \hbox (18.04977pt too wide) in paragraph at lines 3435--3435
[]\TU/CourierNew(0)/m/n/10 ## 11          5.4         3.7          1.5         
0.2  setosa[] 
 []


Overfull \hbox (18.04977pt too wide) in paragraph at lines 3435--3435
[]\TU/CourierNew(0)/m/n/10 ## 12          4.8         3.4          1.6         
0.2  setosa[] 
 []


Overfull \hbox (18.04977pt too wide) in paragraph at lines 3435--3435
[]\TU/CourierNew(0)/m/n/10 ## 13          4.8         3.0          1.4         
0.1  setosa[] 
 []


Overfull \hbox (18.04977pt too wide) in paragraph at lines 3435--3435
[]\TU/CourierNew(0)/m/n/10 ## 14          4.3         3.0          1.1         
0.1  setosa[] 
 []


Overfull \hbox (18.04977pt too wide) in paragraph at lines 3435--3435
[]\TU/CourierNew(0)/m/n/10 ## 15          5.8         4.0          1.2         
0.2  setosa[] 
 []


Overfull \hbox (18.04977pt too wide) in paragraph at lines 3435--3435
[]\TU/CourierNew(0)/m/n/10 ## 16          5.7         4.4          1.5         
0.4  setosa[] 
 []


Overfull \hbox (18.04977pt too wide) in paragraph at lines 3435--3435
[]\TU/CourierNew(0)/m/n/10 ## 17          5.4         3.9          1.3         
0.4  setosa[] 
 []


Overfull \hbox (18.04977pt too wide) in paragraph at lines 3435--3435
[]\TU/CourierNew(0)/m/n/10 ## 18          5.1         3.5          1.4         
0.3  setosa[] 
 []


Overfull \hbox (18.04977pt too wide) in paragraph at lines 3435--3435
[]\TU/CourierNew(0)/m/n/10 ## 19          5.7         3.8          1.7         
0.3  setosa[] 
 []


Overfull \hbox (18.04977pt too wide) in paragraph at lines 3435--3435
[]\TU/CourierNew(0)/m/n/10 ## 20          5.1         3.8          1.5         
0.3  setosa[] 
 []


Overfull \hbox (18.04977pt too wide) in paragraph at lines 3435--3435
[]\TU/CourierNew(0)/m/n/10 ## 21          5.4         3.4          1.7         
0.2  setosa[] 
 []


Overfull \hbox (18.04977pt too wide) in paragraph at lines 3435--3435
[]\TU/CourierNew(0)/m/n/10 ## 22          5.1         3.7          1.5         
0.4  setosa[] 
 []


Overfull \hbox (18.04977pt too wide) in paragraph at lines 3435--3435
[]\TU/CourierNew(0)/m/n/10 ## 23          4.6         3.6          1.0         
0.2  setosa[] 
 []


Overfull \hbox (18.04977pt too wide) in paragraph at lines 3435--3435
[]\TU/CourierNew(0)/m/n/10 ## 24          5.1         3.3          1.7         
0.5  setosa[] 
 []


Overfull \hbox (18.04977pt too wide) in paragraph at lines 3435--3435
[]\TU/CourierNew(0)/m/n/10 ## 25          4.8         3.4          1.9         
0.2  setosa[] 
 []


Overfull \hbox (18.04977pt too wide) in paragraph at lines 3435--3435
[]\TU/CourierNew(0)/m/n/10 ## 26          5.0         3.0          1.6         
0.2  setosa[] 
 []


Overfull \hbox (18.04977pt too wide) in paragraph at lines 3435--3435
[]\TU/CourierNew(0)/m/n/10 ## 27          5.0         3.4          1.6         
0.4  setosa[] 
 []


Overfull \hbox (18.04977pt too wide) in paragraph at lines 3435--3435
[]\TU/CourierNew(0)/m/n/10 ## 28          5.2         3.5          1.5         
0.2  setosa[] 
 []


Overfull \hbox (18.04977pt too wide) in paragraph at lines 3435--3435
[]\TU/CourierNew(0)/m/n/10 ## 29          5.2         3.4          1.4         
0.2  setosa[] 
 []


Overfull \hbox (18.04977pt too wide) in paragraph at lines 3435--3435
[]\TU/CourierNew(0)/m/n/10 ## 30          4.7         3.2          1.6         
0.2  setosa[] 
 []


Overfull \hbox (18.04977pt too wide) in paragraph at lines 3435--3435
[]\TU/CourierNew(0)/m/n/10 ## 31          4.8         3.1          1.6         
0.2  setosa[] 
 []


Overfull \hbox (18.04977pt too wide) in paragraph at lines 3435--3435
[]\TU/CourierNew(0)/m/n/10 ## 32          5.4         3.4          1.5         
0.4  setosa[] 
 []


Overfull \hbox (18.04977pt too wide) in paragraph at lines 3435--3435
[]\TU/CourierNew(0)/m/n/10 ## 33          5.2         4.1          1.5         
0.1  setosa[] 
 []


Overfull \hbox (18.04977pt too wide) in paragraph at lines 3435--3435
[]\TU/CourierNew(0)/m/n/10 ## 34          5.5         4.2          1.4         
0.2  setosa[] 
 []


Overfull \hbox (18.04977pt too wide) in paragraph at lines 3435--3435
[]\TU/CourierNew(0)/m/n/10 ## 35          4.9         3.1          1.5         
0.2  setosa[] 
 []


Overfull \hbox (18.04977pt too wide) in paragraph at lines 3435--3435
[]\TU/CourierNew(0)/m/n/10 ## 36          5.0         3.2          1.2         
0.2  setosa[] 
 []


Overfull \hbox (18.04977pt too wide) in paragraph at lines 3435--3435
[]\TU/CourierNew(0)/m/n/10 ## 37          5.5         3.5          1.3         
0.2  setosa[] 
 []


Overfull \hbox (18.04977pt too wide) in paragraph at lines 3435--3435
[]\TU/CourierNew(0)/m/n/10 ## 38          4.9         3.6          1.4         
0.1  setosa[] 
 []


Overfull \hbox (18.04977pt too wide) in paragraph at lines 3435--3435
[]\TU/CourierNew(0)/m/n/10 ## 39          4.4         3.0          1.3         
0.2  setosa[] 
 []


Overfull \hbox (18.04977pt too wide) in paragraph at lines 3435--3435
[]\TU/CourierNew(0)/m/n/10 ## 40          5.1         3.4          1.5         
0.2  setosa[] 
 []


Overfull \hbox (18.04977pt too wide) in paragraph at lines 3435--3435
[]\TU/CourierNew(0)/m/n/10 ## 41          5.0         3.5          1.3         
0.3  setosa[] 
 []


Overfull \hbox (18.04977pt too wide) in paragraph at lines 3435--3435
[]\TU/CourierNew(0)/m/n/10 ## 42          4.5         2.3          1.3         
0.3  setosa[] 
 []


Underfull \vbox (badness 5533) has occurred while \output is active []

[63]
Overfull \hbox (18.04977pt too wide) in paragraph at lines 3435--3435
[]\TU/CourierNew(0)/m/n/10 ## 43          4.4         3.2          1.3         
0.2  setosa[] 
 []


Overfull \hbox (18.04977pt too wide) in paragraph at lines 3435--3435
[]\TU/CourierNew(0)/m/n/10 ## 44          5.0         3.5          1.6         
0.6  setosa[] 
 []


Overfull \hbox (18.04977pt too wide) in paragraph at lines 3435--3435
[]\TU/CourierNew(0)/m/n/10 ## 45          5.1         3.8          1.9         
0.4  setosa[] 
 []


Overfull \hbox (18.04977pt too wide) in paragraph at lines 3435--3435
[]\TU/CourierNew(0)/m/n/10 ## 46          4.8         3.0          1.4         
0.3  setosa[] 
 []


Overfull \hbox (18.04977pt too wide) in paragraph at lines 3435--3435
[]\TU/CourierNew(0)/m/n/10 ## 47          5.1         3.8          1.6         
0.2  setosa[] 
 []


Overfull \hbox (18.04977pt too wide) in paragraph at lines 3435--3435
[]\TU/CourierNew(0)/m/n/10 ## 48          4.6         3.2          1.4         
0.2  setosa[] 
 []


Overfull \hbox (18.04977pt too wide) in paragraph at lines 3435--3435
[]\TU/CourierNew(0)/m/n/10 ## 49          5.3         3.7          1.5         
0.2  setosa[] 
 []


Overfull \hbox (18.04977pt too wide) in paragraph at lines 3435--3435
[]\TU/CourierNew(0)/m/n/10 ## 50          5.0         3.3          1.4         
0.2  setosa[] 
 []

[64]
No file _main.bbl.
[65] (_main.aux)

LaTeX Warning: There were undefined references.

 ) 
Here is how much of TeX's memory you used:
 19154 strings out of 411045
 349287 string characters out of 2824195
 859790 words of memory out of 3000000
 39558 multiletter control sequences out of 15000+600000
 410081 words of font info for 105 fonts, out of 8000000 for 9000
 1348 hyphenation exceptions out of 8191
 86i,6n,122p,1176b,475s stack positions out of 5000i,500n,10000p,200000b,80000s

Output written on _main.pdf (65 pages).
